\BOOKMARK [0][-]{chapter.1}{\376\377\000I\000n\000t\000r\000o\000d\000u\000c\000t\000i\000o\000n}{}% 1
\BOOKMARK [1][-]{section.1.1}{\376\377\000M\000T\000K\000\040\000C\000o\000n\000c\000e\000r\000n\000s}{chapter.1}% 2
\BOOKMARK [1][-]{section.1.2}{\376\377\000M\000T\000K\000\040\000F\000l\000a\000v\000o\000r\000s}{chapter.1}% 3
\BOOKMARK [1][-]{section.1.3}{\376\377\000C\000o\000n\000t\000a\000c\000t\000,\000\040\000S\000u\000p\000p\000o\000r\000t\000\040\000a\000n\000d\000\040\000C\000r\000e\000d\000i\000t\000s}{chapter.1}% 4
\BOOKMARK [1][-]{section.1.4}{\376\377\000A\000c\000k\000n\000o\000w\000l\000e\000d\000g\000e\000m\000e\000n\000t\000s\000\040\000a\000n\000d\000\040\000C\000o\000n\000t\000r\000i\000b\000u\000t\000i\000o\000n\000s}{chapter.1}% 5
\BOOKMARK [0][-]{chapter.2}{\376\377\000P\000r\000o\000g\000r\000a\000m\000m\000i\000n\000g\000\040\000T\000o\000o\000l\000s}{}% 6
\BOOKMARK [0][-]{chapter.3}{\376\377\000L\000i\000c\000e\000n\000s\000i\000n\000g\000\040\000a\000n\000d\000\040\000M\000o\000d\000i\000f\000i\000c\000a\000t\000i\000o\000n\000s}{}% 7
\BOOKMARK [0][-]{chapter.4}{\376\377\000R\000e\000a\000d\000\040\000M\000e\000\040\000F\000i\000l\000e\000\040\000a\000n\000d\000\040\000I\000n\000s\000t\000a\000l\000l\000a\000t\000i\000o\000n\000\040\000I\000n\000s\000t\000r\000u\000c\000t\000i\000o\000n\000s}{}% 8
\BOOKMARK [0][-]{chapter.5}{\376\377\000T\000e\000s\000t\000s\000\040\000a\000n\000d\000\040\000T\000e\000s\000t\000\040\000A\000r\000c\000h\000i\000t\000e\000c\000t\000u\000r\000e\000s}{}% 9
\BOOKMARK [0][-]{chapter.6}{\376\377\000E\000x\000a\000m\000p\000l\000e\000s}{}% 10
\BOOKMARK [0][-]{chapter.7}{\376\377\000U\000s\000e\000r\000\040\000M\000a\000n\000u\000a\000l\000,\000\040\000R\000e\000f\000e\000r\000e\000n\000c\000e\000s\000\040\000a\000n\000d\000\040\000T\000h\000e\000o\000r\000y}{}% 11
\BOOKMARK [0][-]{chapter.8}{\376\377\000T\000o\000d\000o\000\040\000L\000i\000s\000t}{}% 12
\BOOKMARK [0][-]{chapter.9}{\376\377\000B\000u\000g\000\040\000L\000i\000s\000t}{}% 13
\BOOKMARK [0][-]{chapter.10}{\376\377\000M\000o\000d\000u\000l\000e\000\040\000I\000n\000d\000e\000x}{}% 14
\BOOKMARK [1][-]{section.10.1}{\376\377\000M\000o\000d\000u\000l\000e\000s}{chapter.10}% 15
\BOOKMARK [0][-]{chapter.11}{\376\377\000N\000a\000m\000e\000s\000p\000a\000c\000e\000\040\000I\000n\000d\000e\000x}{}% 16
\BOOKMARK [1][-]{section.11.1}{\376\377\000N\000a\000m\000e\000s\000p\000a\000c\000e\000\040\000L\000i\000s\000t}{chapter.11}% 17
\BOOKMARK [0][-]{chapter.12}{\376\377\000C\000l\000a\000s\000s\000\040\000I\000n\000d\000e\000x}{}% 18
\BOOKMARK [1][-]{section.12.1}{\376\377\000C\000l\000a\000s\000s\000\040\000L\000i\000s\000t}{chapter.12}% 19
\BOOKMARK [0][-]{chapter.13}{\376\377\000F\000i\000l\000e\000\040\000I\000n\000d\000e\000x}{}% 20
\BOOKMARK [1][-]{section.13.1}{\376\377\000F\000i\000l\000e\000\040\000L\000i\000s\000t}{chapter.13}% 21
\BOOKMARK [0][-]{chapter.14}{\376\377\000M\000o\000d\000u\000l\000e\000\040\000D\000o\000c\000u\000m\000e\000n\000t\000a\000t\000i\000o\000n}{}% 22
\BOOKMARK [1][-]{section.14.1}{\376\377\000R\000o\000o\000t\000s\000.}{chapter.14}% 23
\BOOKMARK [2][-]{subsection.14.1.1}{\376\377\000D\000e\000t\000a\000i\000l\000e\000d\000\040\000D\000e\000s\000c\000r\000i\000p\000t\000i\000o\000n}{section.14.1}% 24
\BOOKMARK [2][-]{subsection.14.1.2}{\376\377\000T\000y\000p\000e\000d\000e\000f\000\040\000D\000o\000c\000u\000m\000e\000n\000t\000a\000t\000i\000o\000n}{section.14.1}% 25
\BOOKMARK [3][-]{subsubsection.14.1.2.1}{\376\377\000R\000e\000a\000l}{subsection.14.1.2}% 26
\BOOKMARK [2][-]{subsection.14.1.3}{\376\377\000V\000a\000r\000i\000a\000b\000l\000e\000\040\000D\000o\000c\000u\000m\000e\000n\000t\000a\000t\000i\000o\000n}{section.14.1}% 27
\BOOKMARK [3][-]{subsubsection.14.1.3.1}{\376\377\000k\000C\000r\000i\000t\000i\000c\000a\000l\000O\000r\000d\000e\000r\000A\000c\000c\000u\000r\000a\000c\000y\000D\000i\000v}{subsection.14.1.3}% 28
\BOOKMARK [3][-]{subsubsection.14.1.3.2}{\376\377\000k\000C\000r\000i\000t\000i\000c\000a\000l\000O\000r\000d\000e\000r\000A\000c\000c\000u\000r\000a\000c\000y\000G\000r\000a\000d}{subsection.14.1.3}% 29
\BOOKMARK [3][-]{subsubsection.14.1.3.3}{\376\377\000k\000D\000e\000f\000a\000u\000l\000t\000M\000i\000m\000e\000t\000i\000c\000T\000h\000r\000e\000s\000h\000o\000l\000d}{subsection.14.1.3}% 30
\BOOKMARK [3][-]{subsubsection.14.1.3.4}{\376\377\000k\000D\000e\000f\000a\000u\000l\000t\000O\000r\000d\000e\000r\000A\000c\000c\000u\000r\000a\000c\000y}{subsection.14.1.3}% 31
\BOOKMARK [3][-]{subsubsection.14.1.3.5}{\376\377\000k\000D\000e\000f\000a\000u\000l\000t\000T\000o\000l\000e\000r\000a\000n\000c\000e}{subsection.14.1.3}% 32
\BOOKMARK [3][-]{subsubsection.14.1.3.6}{\376\377\000k\000O\000n\000e}{subsection.14.1.3}% 33
\BOOKMARK [3][-]{subsubsection.14.1.3.7}{\376\377\000k\000Z\000e\000r\000o}{subsection.14.1.3}% 34
\BOOKMARK [1][-]{section.14.2}{\376\377\000E\000n\000u\000m\000e\000r\000a\000t\000i\000o\000n\000s\000.}{chapter.14}% 35
\BOOKMARK [2][-]{subsection.14.2.1}{\376\377\000D\000e\000t\000a\000i\000l\000e\000d\000\040\000D\000e\000s\000c\000r\000i\000p\000t\000i\000o\000n}{section.14.2}% 36
\BOOKMARK [2][-]{subsection.14.2.2}{\376\377\000E\000n\000u\000m\000e\000r\000a\000t\000i\000o\000n\000\040\000T\000y\000p\000e\000\040\000D\000o\000c\000u\000m\000e\000n\000t\000a\000t\000i\000o\000n}{section.14.2}% 37
\BOOKMARK [3][-]{subsubsection.14.2.2.1}{\376\377\000D\000i\000r\000I\000n\000t\000e\000r\000p}{subsection.14.2.2}% 38
\BOOKMARK [3][-]{subsubsection.14.2.2.2}{\376\377\000F\000i\000e\000l\000d\000N\000a\000t\000u\000r\000e}{subsection.14.2.2}% 39
\BOOKMARK [3][-]{subsubsection.14.2.2.3}{\376\377\000M\000a\000t\000r\000i\000x\000O\000r\000d\000e\000r\000i\000n\000g}{subsection.14.2.2}% 40
\BOOKMARK [3][-]{subsubsection.14.2.2.4}{\376\377\000M\000a\000t\000r\000i\000x\000S\000t\000o\000r\000a\000g\000e}{subsection.14.2.2}% 41
\BOOKMARK [1][-]{section.14.3}{\376\377\000E\000x\000e\000c\000u\000t\000i\000o\000n\000\040\000t\000o\000o\000l\000s\000.}{chapter.14}% 42
\BOOKMARK [2][-]{subsection.14.3.1}{\376\377\000D\000e\000t\000a\000i\000l\000e\000d\000\040\000D\000e\000s\000c\000r\000i\000p\000t\000i\000o\000n}{section.14.3}% 43
\BOOKMARK [1][-]{section.14.4}{\376\377\000D\000a\000t\000a\000\040\000s\000t\000r\000u\000c\000t\000u\000r\000e\000s\000.}{chapter.14}% 44
\BOOKMARK [2][-]{subsection.14.4.1}{\376\377\000D\000e\000t\000a\000i\000l\000e\000d\000\040\000D\000e\000s\000c\000r\000i\000p\000t\000i\000o\000n}{section.14.4}% 45
\BOOKMARK [1][-]{section.14.5}{\376\377\000N\000u\000m\000e\000r\000i\000c\000a\000l\000\040\000m\000e\000t\000h\000o\000d\000s\000.}{chapter.14}% 46
\BOOKMARK [2][-]{subsection.14.5.1}{\376\377\000D\000e\000t\000a\000i\000l\000e\000d\000\040\000D\000e\000s\000c\000r\000i\000p\000t\000i\000o\000n}{section.14.5}% 47
\BOOKMARK [1][-]{section.14.6}{\376\377\000G\000r\000i\000d\000s\000.}{chapter.14}% 48
\BOOKMARK [2][-]{subsection.14.6.1}{\376\377\000D\000e\000t\000a\000i\000l\000e\000d\000\040\000D\000e\000s\000c\000r\000i\000p\000t\000i\000o\000n}{section.14.6}% 49
\BOOKMARK [1][-]{section.14.7}{\376\377\000M\000i\000m\000e\000t\000i\000c\000\040\000o\000p\000e\000r\000a\000t\000o\000r\000s\000.}{chapter.14}% 50
\BOOKMARK [2][-]{subsection.14.7.1}{\376\377\000D\000e\000t\000a\000i\000l\000e\000d\000\040\000D\000e\000s\000c\000r\000i\000p\000t\000i\000o\000n}{section.14.7}% 51
\BOOKMARK [0][-]{chapter.15}{\376\377\000N\000a\000m\000e\000s\000p\000a\000c\000e\000\040\000D\000o\000c\000u\000m\000e\000n\000t\000a\000t\000i\000o\000n}{}% 52
\BOOKMARK [1][-]{section.15.1}{\376\377\000m\000t\000k\000\040\000N\000a\000m\000e\000s\000p\000a\000c\000e\000\040\000R\000e\000f\000e\000r\000e\000n\000c\000e}{chapter.15}% 53
\BOOKMARK [2][-]{subsection.15.1.1}{\376\377\000F\000u\000n\000c\000t\000i\000o\000n\000\040\000D\000o\000c\000u\000m\000e\000n\000t\000a\000t\000i\000o\000n}{section.15.1}% 54
\BOOKMARK [3][-]{subsubsection.15.1.1.1}{\376\377\000o\000p\000e\000r\000a\000t\000o\000r\000<\000<}{subsection.15.1.1}% 55
\BOOKMARK [3][-]{subsubsection.15.1.1.2}{\376\377\000o\000p\000e\000r\000a\000t\000o\000r\000<\000<}{subsection.15.1.1}% 56
\BOOKMARK [3][-]{subsubsection.15.1.1.3}{\376\377\000o\000p\000e\000r\000a\000t\000o\000r\000<\000<}{subsection.15.1.1}% 57
\BOOKMARK [3][-]{subsubsection.15.1.1.4}{\376\377\000o\000p\000e\000r\000a\000t\000o\000r\000<\000<}{subsection.15.1.1}% 58
\BOOKMARK [3][-]{subsubsection.15.1.1.5}{\376\377\000o\000p\000e\000r\000a\000t\000o\000r\000<\000<}{subsection.15.1.1}% 59
\BOOKMARK [3][-]{subsubsection.15.1.1.6}{\376\377\000o\000p\000e\000r\000a\000t\000o\000r\000<\000<}{subsection.15.1.1}% 60
\BOOKMARK [3][-]{subsubsection.15.1.1.7}{\376\377\000o\000p\000e\000r\000a\000t\000o\000r\000<\000<}{subsection.15.1.1}% 61
\BOOKMARK [3][-]{subsubsection.15.1.1.8}{\376\377\000s\000a\000x\000p\000y\000\137}{subsection.15.1.1}% 62
\BOOKMARK [3][-]{subsubsection.15.1.1.9}{\376\377\000s\000g\000e\000l\000s\000\137}{subsection.15.1.1}% 63
\BOOKMARK [3][-]{subsubsection.15.1.1.10}{\376\377\000s\000g\000e\000m\000m\000\137}{subsection.15.1.1}% 64
\BOOKMARK [3][-]{subsubsection.15.1.1.11}{\376\377\000s\000g\000e\000m\000v\000\137}{subsection.15.1.1}% 65
\BOOKMARK [3][-]{subsubsection.15.1.1.12}{\376\377\000s\000g\000e\000q\000r\000f\000\137}{subsection.15.1.1}% 66
\BOOKMARK [3][-]{subsubsection.15.1.1.13}{\376\377\000s\000g\000e\000s\000v\000\137}{subsection.15.1.1}% 67
\BOOKMARK [3][-]{subsubsection.15.1.1.14}{\376\377\000s\000n\000r\000m\0002\000\137}{subsection.15.1.1}% 68
\BOOKMARK [3][-]{subsubsection.15.1.1.15}{\376\377\000s\000o\000r\000m\000q\000r\000\137}{subsection.15.1.1}% 69
\BOOKMARK [0][-]{chapter.16}{\376\377\000C\000l\000a\000s\000s\000\040\000D\000o\000c\000u\000m\000e\000n\000t\000a\000t\000i\000o\000n}{}% 70
\BOOKMARK [1][-]{section.16.1}{\376\377\000m\000t\000k\000:\000:\000B\000C\000D\000e\000s\000c\0001\000D\000\040\000C\000l\000a\000s\000s\000\040\000R\000e\000f\000e\000r\000e\000n\000c\000e}{chapter.16}% 71
\BOOKMARK [2][-]{subsection.16.1.1}{\376\377\000D\000e\000t\000a\000i\000l\000e\000d\000\040\000D\000e\000s\000c\000r\000i\000p\000t\000i\000o\000n}{section.16.1}% 72
\BOOKMARK [2][-]{subsection.16.1.2}{\376\377\000M\000e\000m\000b\000e\000r\000\040\000F\000u\000n\000c\000t\000i\000o\000n\000\040\000D\000o\000c\000u\000m\000e\000n\000t\000a\000t\000i\000o\000n}{section.16.1}% 73
\BOOKMARK [3][-]{subsubsection.16.1.2.1}{\376\377\000I\000m\000p\000o\000s\000e\000O\000n\000G\000r\000i\000d}{subsection.16.1.2}% 74
\BOOKMARK [3][-]{subsubsection.16.1.2.2}{\376\377\000I\000m\000p\000o\000s\000e\000O\000n\000O\000p\000e\000r\000a\000t\000o\000r}{subsection.16.1.2}% 75
\BOOKMARK [1][-]{section.16.2}{\376\377\000m\000t\000k\000:\000:\000B\000L\000A\000S\000A\000d\000a\000p\000t\000e\000r\000\040\000C\000l\000a\000s\000s\000\040\000R\000e\000f\000e\000r\000e\000n\000c\000e}{chapter.16}% 76
\BOOKMARK [2][-]{subsection.16.2.1}{\376\377\000D\000e\000t\000a\000i\000l\000e\000d\000\040\000D\000e\000s\000c\000r\000i\000p\000t\000i\000o\000n}{section.16.2}% 77
\BOOKMARK [2][-]{subsection.16.2.2}{\376\377\000M\000e\000m\000b\000e\000r\000\040\000F\000u\000n\000c\000t\000i\000o\000n\000\040\000D\000o\000c\000u\000m\000e\000n\000t\000a\000t\000i\000o\000n}{section.16.2}% 78
\BOOKMARK [3][-]{subsubsection.16.2.2.1}{\376\377\000R\000e\000a\000l\000A\000X\000P\000Y}{subsection.16.2.2}% 79
\BOOKMARK [3][-]{subsubsection.16.2.2.2}{\376\377\000R\000e\000a\000l\000D\000e\000n\000s\000e\000M\000M}{subsection.16.2.2}% 80
\BOOKMARK [3][-]{subsubsection.16.2.2.3}{\376\377\000R\000e\000a\000l\000D\000e\000n\000s\000e\000M\000V}{subsection.16.2.2}% 81
\BOOKMARK [3][-]{subsubsection.16.2.2.4}{\376\377\000R\000e\000a\000l\000N\000R\000M\0002}{subsection.16.2.2}% 82
\BOOKMARK [3][-]{subsubsection.16.2.2.5}{\376\377\000R\000e\000l\000N\000o\000r\000m\0002\000E\000r\000r\000o\000r}{subsection.16.2.2}% 83
\BOOKMARK [1][-]{section.16.3}{\376\377\000m\000t\000k\000:\000:\000D\000e\000n\000s\000e\000M\000a\000t\000r\000i\000x\000\040\000C\000l\000a\000s\000s\000\040\000R\000e\000f\000e\000r\000e\000n\000c\000e}{chapter.16}% 84
\BOOKMARK [2][-]{subsection.16.3.1}{\376\377\000D\000e\000t\000a\000i\000l\000e\000d\000\040\000D\000e\000s\000c\000r\000i\000p\000t\000i\000o\000n}{section.16.3}% 85
\BOOKMARK [2][-]{subsection.16.3.2}{\376\377\000C\000o\000n\000s\000t\000r\000u\000c\000t\000o\000r\000\040\000\046\000\040\000D\000e\000s\000t\000r\000u\000c\000t\000o\000r\000\040\000D\000o\000c\000u\000m\000e\000n\000t\000a\000t\000i\000o\000n}{section.16.3}% 86
\BOOKMARK [3][-]{subsubsection.16.3.2.1}{\376\377\000D\000e\000n\000s\000e\000M\000a\000t\000r\000i\000x}{subsection.16.3.2}% 87
\BOOKMARK [3][-]{subsubsection.16.3.2.2}{\376\377\000D\000e\000n\000s\000e\000M\000a\000t\000r\000i\000x}{subsection.16.3.2}% 88
\BOOKMARK [3][-]{subsubsection.16.3.2.3}{\376\377\000D\000e\000n\000s\000e\000M\000a\000t\000r\000i\000x}{subsection.16.3.2}% 89
\BOOKMARK [3][-]{subsubsection.16.3.2.4}{\376\377\000D\000e\000n\000s\000e\000M\000a\000t\000r\000i\000x}{subsection.16.3.2}% 90
\BOOKMARK [3][-]{subsubsection.16.3.2.5}{\376\377\000D\000e\000n\000s\000e\000M\000a\000t\000r\000i\000x}{subsection.16.3.2}% 91
\BOOKMARK [3][-]{subsubsection.16.3.2.6}{\376\377\000D\000e\000n\000s\000e\000M\000a\000t\000r\000i\000x}{subsection.16.3.2}% 92
\BOOKMARK [2][-]{subsection.16.3.3}{\376\377\000M\000e\000m\000b\000e\000r\000\040\000F\000u\000n\000c\000t\000i\000o\000n\000\040\000D\000o\000c\000u\000m\000e\000n\000t\000a\000t\000i\000o\000n}{section.16.3}% 93
\BOOKMARK [3][-]{subsubsection.16.3.3.1}{\376\377\000d\000a\000t\000a}{subsection.16.3.3}% 94
\BOOKMARK [3][-]{subsubsection.16.3.3.2}{\376\377\000G\000e\000t\000V\000a\000l\000u\000e}{subsection.16.3.3}% 95
\BOOKMARK [3][-]{subsubsection.16.3.3.3}{\376\377\000K\000r\000o\000n}{subsection.16.3.3}% 96
\BOOKMARK [3][-]{subsubsection.16.3.3.4}{\376\377\000m\000a\000t\000r\000i\000x\000\137\000p\000r\000o\000p\000e\000r\000t\000i\000e\000s}{subsection.16.3.3}% 97
\BOOKMARK [3][-]{subsubsection.16.3.3.5}{\376\377\000n\000u\000m\000\137\000c\000o\000l\000s}{subsection.16.3.3}% 98
\BOOKMARK [3][-]{subsubsection.16.3.3.6}{\376\377\000n\000u\000m\000\137\000r\000o\000w\000s}{subsection.16.3.3}% 99
\BOOKMARK [3][-]{subsubsection.16.3.3.7}{\376\377\000o\000p\000e\000r\000a\000t\000o\000r\000=}{subsection.16.3.3}% 100
\BOOKMARK [3][-]{subsubsection.16.3.3.8}{\376\377\000O\000r\000d\000e\000r\000C\000o\000l\000M\000a\000j\000o\000r}{subsection.16.3.3}% 101
\BOOKMARK [3][-]{subsubsection.16.3.3.9}{\376\377\000O\000r\000d\000e\000r\000R\000o\000w\000M\000a\000j\000o\000r}{subsection.16.3.3}% 102
\BOOKMARK [3][-]{subsubsection.16.3.3.10}{\376\377\000S\000e\000t\000O\000r\000d\000e\000r\000i\000n\000g}{subsection.16.3.3}% 103
\BOOKMARK [3][-]{subsubsection.16.3.3.11}{\376\377\000S\000e\000t\000V\000a\000l\000u\000e}{subsection.16.3.3}% 104
\BOOKMARK [3][-]{subsubsection.16.3.3.12}{\376\377\000T\000r\000a\000n\000s\000p\000o\000s\000e}{subsection.16.3.3}% 105
\BOOKMARK [2][-]{subsection.16.3.4}{\376\377\000F\000r\000i\000e\000n\000d\000s\000\040\000A\000n\000d\000\040\000R\000e\000l\000a\000t\000e\000d\000\040\000F\000u\000n\000c\000t\000i\000o\000n\000\040\000D\000o\000c\000u\000m\000e\000n\000t\000a\000t\000i\000o\000n}{section.16.3}% 106
\BOOKMARK [3][-]{subsubsection.16.3.4.1}{\376\377\000o\000p\000e\000r\000a\000t\000o\000r\000<\000<}{subsection.16.3.4}% 107
\BOOKMARK [2][-]{subsection.16.3.5}{\376\377\000M\000e\000m\000b\000e\000r\000\040\000D\000a\000t\000a\000\040\000D\000o\000c\000u\000m\000e\000n\000t\000a\000t\000i\000o\000n}{section.16.3}% 108
\BOOKMARK [3][-]{subsubsection.16.3.5.1}{\376\377\000d\000a\000t\000a\000\137}{subsection.16.3.5}% 109
\BOOKMARK [3][-]{subsubsection.16.3.5.2}{\376\377\000m\000a\000t\000r\000i\000x\000\137\000p\000r\000o\000p\000e\000r\000t\000i\000e\000s\000\137}{subsection.16.3.5}% 110
\BOOKMARK [1][-]{section.16.4}{\376\377\000m\000t\000k\000:\000:\000D\000i\000v\0001\000D\000\040\000C\000l\000a\000s\000s\000\040\000R\000e\000f\000e\000r\000e\000n\000c\000e}{chapter.16}% 111
\BOOKMARK [2][-]{subsection.16.4.1}{\376\377\000D\000e\000t\000a\000i\000l\000e\000d\000\040\000D\000e\000s\000c\000r\000i\000p\000t\000i\000o\000n}{section.16.4}% 112
\BOOKMARK [2][-]{subsection.16.4.2}{\376\377\000C\000o\000n\000s\000t\000r\000u\000c\000t\000o\000r\000\040\000\046\000\040\000D\000e\000s\000t\000r\000u\000c\000t\000o\000r\000\040\000D\000o\000c\000u\000m\000e\000n\000t\000a\000t\000i\000o\000n}{section.16.4}% 113
\BOOKMARK [3][-]{subsubsection.16.4.2.1}{\376\377\000D\000i\000v\0001\000D}{subsection.16.4.2}% 114
\BOOKMARK [3][-]{subsubsection.16.4.2.2}{\376\377\000D\000i\000v\0001\000D}{subsection.16.4.2}% 115
\BOOKMARK [3][-]{subsubsection.16.4.2.3}{\376\377\000D\000i\000v\0001\000D}{subsection.16.4.2}% 116
\BOOKMARK [2][-]{subsection.16.4.3}{\376\377\000M\000e\000m\000b\000e\000r\000\040\000F\000u\000n\000c\000t\000i\000o\000n\000\040\000D\000o\000c\000u\000m\000e\000n\000t\000a\000t\000i\000o\000n}{section.16.4}% 117
\BOOKMARK [3][-]{subsubsection.16.4.3.1}{\376\377\000A\000s\000s\000e\000m\000b\000l\000e\000O\000p\000e\000r\000a\000t\000o\000r}{subsection.16.4.3}% 118
\BOOKMARK [3][-]{subsubsection.16.4.3.2}{\376\377\000c\000o\000e\000f\000f\000s\000\137\000i\000n\000t\000e\000r\000i\000o\000r}{subsection.16.4.3}% 119
\BOOKMARK [3][-]{subsubsection.16.4.3.3}{\376\377\000C\000o\000m\000p\000u\000t\000e\000P\000r\000e\000l\000i\000m\000i\000n\000a\000r\000y\000A\000p\000p\000r\000o\000x\000i\000m\000a\000t\000i\000o\000n\000s}{subsection.16.4.3}% 120
\BOOKMARK [3][-]{subsubsection.16.4.3.4}{\376\377\000C\000o\000m\000p\000u\000t\000e\000R\000a\000t\000i\000o\000n\000a\000l\000B\000a\000s\000i\000s\000N\000u\000l\000l\000S\000p\000a\000c\000e}{subsection.16.4.3}% 121
\BOOKMARK [3][-]{subsubsection.16.4.3.5}{\376\377\000C\000o\000m\000p\000u\000t\000e\000S\000t\000e\000n\000c\000i\000l\000B\000o\000u\000n\000d\000a\000r\000y\000G\000r\000i\000d}{subsection.16.4.3}% 122
\BOOKMARK [3][-]{subsubsection.16.4.3.6}{\376\377\000C\000o\000m\000p\000u\000t\000e\000S\000t\000e\000n\000c\000i\000l\000I\000n\000t\000e\000r\000i\000o\000r\000G\000r\000i\000d}{subsection.16.4.3}% 123
\BOOKMARK [3][-]{subsubsection.16.4.3.7}{\376\377\000C\000o\000m\000p\000u\000t\000e\000W\000e\000i\000g\000h\000t\000s}{subsection.16.4.3}% 124
\BOOKMARK [3][-]{subsubsection.16.4.3.8}{\376\377\000C\000o\000n\000s\000t\000r\000u\000c\000t\000D\000i\000v\0001\000D}{subsection.16.4.3}% 125
\BOOKMARK [3][-]{subsubsection.16.4.3.9}{\376\377\000m\000i\000m\000\137\000b\000n\000d\000y}{subsection.16.4.3}% 126
\BOOKMARK [3][-]{subsubsection.16.4.3.10}{\376\377\000n\000u\000m\000\137\000b\000n\000d\000y\000\137\000c\000o\000e\000f\000f\000s}{subsection.16.4.3}% 127
\BOOKMARK [3][-]{subsubsection.16.4.3.11}{\376\377\000R\000e\000t\000u\000r\000n\000A\000s\000D\000e\000n\000s\000e\000M\000a\000t\000r\000i\000x}{subsection.16.4.3}% 128
\BOOKMARK [3][-]{subsubsection.16.4.3.12}{\376\377\000w\000e\000i\000g\000h\000t\000s\000\137\000c\000b\000s}{subsection.16.4.3}% 129
\BOOKMARK [3][-]{subsubsection.16.4.3.13}{\376\377\000w\000e\000i\000g\000h\000t\000s\000\137\000c\000r\000s}{subsection.16.4.3}% 130
\BOOKMARK [2][-]{subsection.16.4.4}{\376\377\000F\000r\000i\000e\000n\000d\000s\000\040\000A\000n\000d\000\040\000R\000e\000l\000a\000t\000e\000d\000\040\000F\000u\000n\000c\000t\000i\000o\000n\000\040\000D\000o\000c\000u\000m\000e\000n\000t\000a\000t\000i\000o\000n}{section.16.4}% 131
\BOOKMARK [3][-]{subsubsection.16.4.4.1}{\376\377\000o\000p\000e\000r\000a\000t\000o\000r\000<\000<}{subsection.16.4.4}% 132
\BOOKMARK [2][-]{subsection.16.4.5}{\376\377\000M\000e\000m\000b\000e\000r\000\040\000D\000a\000t\000a\000\040\000D\000o\000c\000u\000m\000e\000n\000t\000a\000t\000i\000o\000n}{section.16.4}% 133
\BOOKMARK [3][-]{subsubsection.16.4.5.1}{\376\377\000c\000o\000e\000f\000f\000s\000\137\000i\000n\000t\000e\000r\000i\000o\000r\000\137}{subsection.16.4.5}% 134
\BOOKMARK [3][-]{subsubsection.16.4.5.2}{\376\377\000d\000i\000m\000\137\000n\000u\000l\000l\000\137}{subsection.16.4.5}% 135
\BOOKMARK [3][-]{subsubsection.16.4.5.3}{\376\377\000d\000i\000v\000e\000r\000g\000e\000n\000c\000e\000\137}{subsection.16.4.5}% 136
\BOOKMARK [3][-]{subsubsection.16.4.5.4}{\376\377\000d\000i\000v\000e\000r\000g\000e\000n\000c\000e\000\137\000l\000e\000n\000g\000t\000h\000\137}{subsection.16.4.5}% 137
\BOOKMARK [3][-]{subsubsection.16.4.5.5}{\376\377\000m\000i\000m\000\137\000b\000n\000d\000y\000\137}{subsection.16.4.5}% 138
\BOOKMARK [3][-]{subsubsection.16.4.5.6}{\376\377\000m\000i\000m\000e\000t\000i\000c\000\137\000t\000h\000r\000e\000s\000h\000o\000l\000d\000\137}{subsection.16.4.5}% 139
\BOOKMARK [3][-]{subsubsection.16.4.5.7}{\376\377\000m\000i\000n\000r\000o\000w\000\137}{subsection.16.4.5}% 140
\BOOKMARK [3][-]{subsubsection.16.4.5.8}{\376\377\000n\000u\000m\000\137\000b\000n\000d\000y\000\137\000c\000o\000e\000f\000f\000s\000\137}{subsection.16.4.5}% 141
\BOOKMARK [3][-]{subsubsection.16.4.5.9}{\376\377\000o\000r\000d\000e\000r\000\137\000a\000c\000c\000u\000r\000a\000c\000y\000\137}{subsection.16.4.5}% 142
\BOOKMARK [3][-]{subsubsection.16.4.5.10}{\376\377\000p\000r\000e\000m\000\137\000a\000p\000p\000s\000\137}{subsection.16.4.5}% 143
\BOOKMARK [3][-]{subsubsection.16.4.5.11}{\376\377\000r\000a\000t\000\137\000b\000a\000s\000i\000s\000\137\000n\000u\000l\000l\000\137\000s\000p\000a\000c\000e\000\137}{subsection.16.4.5}% 144
\BOOKMARK [3][-]{subsubsection.16.4.5.12}{\376\377\000r\000o\000w\000\137}{subsection.16.4.5}% 145
\BOOKMARK [3][-]{subsubsection.16.4.5.13}{\376\377\000w\000e\000i\000g\000h\000t\000s\000\137\000c\000b\000s\000\137}{subsection.16.4.5}% 146
\BOOKMARK [3][-]{subsubsection.16.4.5.14}{\376\377\000w\000e\000i\000g\000h\000t\000s\000\137\000c\000r\000s\000\137}{subsection.16.4.5}% 147
\BOOKMARK [1][-]{section.16.5}{\376\377\000m\000t\000k\000:\000:\000D\000i\000v\0002\000D\000\040\000C\000l\000a\000s\000s\000\040\000R\000e\000f\000e\000r\000e\000n\000c\000e}{chapter.16}% 148
\BOOKMARK [2][-]{subsection.16.5.1}{\376\377\000D\000e\000t\000a\000i\000l\000e\000d\000\040\000D\000e\000s\000c\000r\000i\000p\000t\000i\000o\000n}{section.16.5}% 149
\BOOKMARK [2][-]{subsection.16.5.2}{\376\377\000C\000o\000n\000s\000t\000r\000u\000c\000t\000o\000r\000\040\000\046\000\040\000D\000e\000s\000t\000r\000u\000c\000t\000o\000r\000\040\000D\000o\000c\000u\000m\000e\000n\000t\000a\000t\000i\000o\000n}{section.16.5}% 150
\BOOKMARK [3][-]{subsubsection.16.5.2.1}{\376\377\000D\000i\000v\0002\000D}{subsection.16.5.2}% 151
\BOOKMARK [3][-]{subsubsection.16.5.2.2}{\376\377\000D\000i\000v\0002\000D}{subsection.16.5.2}% 152
\BOOKMARK [3][-]{subsubsection.16.5.2.3}{\376\377\000D\000i\000v\0002\000D}{subsection.16.5.2}% 153
\BOOKMARK [2][-]{subsection.16.5.3}{\376\377\000M\000e\000m\000b\000e\000r\000\040\000F\000u\000n\000c\000t\000i\000o\000n\000\040\000D\000o\000c\000u\000m\000e\000n\000t\000a\000t\000i\000o\000n}{section.16.5}% 154
\BOOKMARK [3][-]{subsubsection.16.5.3.1}{\376\377\000C\000o\000n\000s\000t\000r\000u\000c\000t\000D\000i\000v\0002\000D}{subsection.16.5.3}% 155
\BOOKMARK [3][-]{subsubsection.16.5.3.2}{\376\377\000R\000e\000t\000u\000r\000n\000A\000s\000D\000e\000n\000s\000e\000M\000a\000t\000r\000i\000x}{subsection.16.5.3}% 156
\BOOKMARK [2][-]{subsection.16.5.4}{\376\377\000M\000e\000m\000b\000e\000r\000\040\000D\000a\000t\000a\000\040\000D\000o\000c\000u\000m\000e\000n\000t\000a\000t\000i\000o\000n}{section.16.5}% 157
\BOOKMARK [3][-]{subsubsection.16.5.4.1}{\376\377\000d\000i\000v\000e\000r\000g\000e\000n\000c\000e\000\137}{subsection.16.5.4}% 158
\BOOKMARK [3][-]{subsubsection.16.5.4.2}{\376\377\000m\000i\000m\000e\000t\000i\000c\000\137\000t\000h\000r\000e\000s\000h\000o\000l\000d\000\137}{subsection.16.5.4}% 159
\BOOKMARK [3][-]{subsubsection.16.5.4.3}{\376\377\000o\000r\000d\000e\000r\000\137\000a\000c\000c\000u\000r\000a\000c\000y\000\137}{subsection.16.5.4}% 160
\BOOKMARK [1][-]{section.16.6}{\376\377\000m\000t\000k\000:\000:\000G\000L\000P\000K\000A\000d\000a\000p\000t\000e\000r\000\040\000C\000l\000a\000s\000s\000\040\000R\000e\000f\000e\000r\000e\000n\000c\000e}{chapter.16}% 161
\BOOKMARK [2][-]{subsection.16.6.1}{\376\377\000D\000e\000t\000a\000i\000l\000e\000d\000\040\000D\000e\000s\000c\000r\000i\000p\000t\000i\000o\000n}{section.16.6}% 162
\BOOKMARK [2][-]{subsection.16.6.2}{\376\377\000M\000e\000m\000b\000e\000r\000\040\000F\000u\000n\000c\000t\000i\000o\000n\000\040\000D\000o\000c\000u\000m\000e\000n\000t\000a\000t\000i\000o\000n}{section.16.6}% 163
\BOOKMARK [3][-]{subsubsection.16.6.2.1}{\376\377\000S\000o\000l\000v\000e\000S\000i\000m\000p\000l\000e\000x\000A\000n\000d\000C\000o\000m\000p\000a\000r\000e}{subsection.16.6.2}% 164
\BOOKMARK [1][-]{section.16.7}{\376\377\000m\000t\000k\000:\000:\000G\000r\000a\000d\0001\000D\000\040\000C\000l\000a\000s\000s\000\040\000R\000e\000f\000e\000r\000e\000n\000c\000e}{chapter.16}% 165
\BOOKMARK [2][-]{subsection.16.7.1}{\376\377\000D\000e\000t\000a\000i\000l\000e\000d\000\040\000D\000e\000s\000c\000r\000i\000p\000t\000i\000o\000n}{section.16.7}% 166
\BOOKMARK [2][-]{subsection.16.7.2}{\376\377\000C\000o\000n\000s\000t\000r\000u\000c\000t\000o\000r\000\040\000\046\000\040\000D\000e\000s\000t\000r\000u\000c\000t\000o\000r\000\040\000D\000o\000c\000u\000m\000e\000n\000t\000a\000t\000i\000o\000n}{section.16.7}% 167
\BOOKMARK [3][-]{subsubsection.16.7.2.1}{\376\377\000G\000r\000a\000d\0001\000D}{subsection.16.7.2}% 168
\BOOKMARK [3][-]{subsubsection.16.7.2.2}{\376\377\000G\000r\000a\000d\0001\000D}{subsection.16.7.2}% 169
\BOOKMARK [3][-]{subsubsection.16.7.2.3}{\376\377\000G\000r\000a\000d\0001\000D}{subsection.16.7.2}% 170
\BOOKMARK [2][-]{subsection.16.7.3}{\376\377\000M\000e\000m\000b\000e\000r\000\040\000F\000u\000n\000c\000t\000i\000o\000n\000\040\000D\000o\000c\000u\000m\000e\000n\000t\000a\000t\000i\000o\000n}{section.16.7}% 171
\BOOKMARK [3][-]{subsubsection.16.7.3.1}{\376\377\000A\000s\000s\000e\000m\000b\000l\000e\000O\000p\000e\000r\000a\000t\000o\000r}{subsection.16.7.3}% 172
\BOOKMARK [3][-]{subsubsection.16.7.3.2}{\376\377\000c\000o\000e\000f\000f\000s\000\137\000i\000n\000t\000e\000r\000i\000o\000r}{subsection.16.7.3}% 173
\BOOKMARK [3][-]{subsubsection.16.7.3.3}{\376\377\000C\000o\000m\000p\000u\000t\000e\000P\000r\000e\000l\000i\000m\000i\000n\000a\000r\000y\000A\000p\000p\000r\000o\000x\000i\000m\000a\000t\000i\000o\000n\000s}{subsection.16.7.3}% 174
\BOOKMARK [3][-]{subsubsection.16.7.3.4}{\376\377\000C\000o\000m\000p\000u\000t\000e\000R\000a\000t\000i\000o\000n\000a\000l\000B\000a\000s\000i\000s\000N\000u\000l\000l\000S\000p\000a\000c\000e}{subsection.16.7.3}% 175
\BOOKMARK [3][-]{subsubsection.16.7.3.5}{\376\377\000C\000o\000m\000p\000u\000t\000e\000S\000t\000e\000n\000c\000i\000l\000B\000o\000u\000n\000d\000a\000r\000y\000G\000r\000i\000d}{subsection.16.7.3}% 176
\BOOKMARK [3][-]{subsubsection.16.7.3.6}{\376\377\000C\000o\000m\000p\000u\000t\000e\000S\000t\000e\000n\000c\000i\000l\000I\000n\000t\000e\000r\000i\000o\000r\000G\000r\000i\000d}{subsection.16.7.3}% 177
\BOOKMARK [3][-]{subsubsection.16.7.3.7}{\376\377\000C\000o\000m\000p\000u\000t\000e\000W\000e\000i\000g\000h\000t\000s}{subsection.16.7.3}% 178
\BOOKMARK [3][-]{subsubsection.16.7.3.8}{\376\377\000C\000o\000n\000s\000t\000r\000u\000c\000t\000G\000r\000a\000d\0001\000D}{subsection.16.7.3}% 179
\BOOKMARK [3][-]{subsubsection.16.7.3.9}{\376\377\000m\000i\000m\000\137\000b\000n\000d\000y}{subsection.16.7.3}% 180
\BOOKMARK [3][-]{subsubsection.16.7.3.10}{\376\377\000n\000u\000m\000\137\000b\000n\000d\000y\000\137\000c\000o\000e\000f\000f\000s}{subsection.16.7.3}% 181
\BOOKMARK [3][-]{subsubsection.16.7.3.11}{\376\377\000R\000e\000t\000u\000r\000n\000A\000s\000D\000e\000n\000s\000e\000M\000a\000t\000r\000i\000x}{subsection.16.7.3}% 182
\BOOKMARK [3][-]{subsubsection.16.7.3.12}{\376\377\000R\000e\000t\000u\000r\000n\000A\000s\000D\000e\000n\000s\000e\000M\000a\000t\000r\000i\000x}{subsection.16.7.3}% 183
\BOOKMARK [3][-]{subsubsection.16.7.3.13}{\376\377\000w\000e\000i\000g\000h\000t\000s\000\137\000c\000b\000s}{subsection.16.7.3}% 184
\BOOKMARK [3][-]{subsubsection.16.7.3.14}{\376\377\000w\000e\000i\000g\000h\000t\000s\000\137\000c\000r\000s}{subsection.16.7.3}% 185
\BOOKMARK [2][-]{subsection.16.7.4}{\376\377\000F\000r\000i\000e\000n\000d\000s\000\040\000A\000n\000d\000\040\000R\000e\000l\000a\000t\000e\000d\000\040\000F\000u\000n\000c\000t\000i\000o\000n\000\040\000D\000o\000c\000u\000m\000e\000n\000t\000a\000t\000i\000o\000n}{section.16.7}% 186
\BOOKMARK [3][-]{subsubsection.16.7.4.1}{\376\377\000o\000p\000e\000r\000a\000t\000o\000r\000<\000<}{subsection.16.7.4}% 187
\BOOKMARK [2][-]{subsection.16.7.5}{\376\377\000M\000e\000m\000b\000e\000r\000\040\000D\000a\000t\000a\000\040\000D\000o\000c\000u\000m\000e\000n\000t\000a\000t\000i\000o\000n}{section.16.7}% 188
\BOOKMARK [3][-]{subsubsection.16.7.5.1}{\376\377\000c\000o\000e\000f\000f\000s\000\137\000i\000n\000t\000e\000r\000i\000o\000r\000\137}{subsection.16.7.5}% 189
\BOOKMARK [3][-]{subsubsection.16.7.5.2}{\376\377\000d\000i\000m\000\137\000n\000u\000l\000l\000\137}{subsection.16.7.5}% 190
\BOOKMARK [3][-]{subsubsection.16.7.5.3}{\376\377\000g\000r\000a\000d\000i\000e\000n\000t\000\137}{subsection.16.7.5}% 191
\BOOKMARK [3][-]{subsubsection.16.7.5.4}{\376\377\000g\000r\000a\000d\000i\000e\000n\000t\000\137\000l\000e\000n\000g\000t\000h\000\137}{subsection.16.7.5}% 192
\BOOKMARK [3][-]{subsubsection.16.7.5.5}{\376\377\000m\000i\000m\000\137\000b\000n\000d\000y\000\137}{subsection.16.7.5}% 193
\BOOKMARK [3][-]{subsubsection.16.7.5.6}{\376\377\000m\000i\000m\000e\000t\000i\000c\000\137\000t\000h\000r\000e\000s\000h\000o\000l\000d\000\137}{subsection.16.7.5}% 194
\BOOKMARK [3][-]{subsubsection.16.7.5.7}{\376\377\000m\000i\000n\000r\000o\000w\000\137}{subsection.16.7.5}% 195
\BOOKMARK [3][-]{subsubsection.16.7.5.8}{\376\377\000n\000u\000m\000\137\000b\000n\000d\000y\000\137\000a\000p\000p\000r\000o\000x\000s\000\137}{subsection.16.7.5}% 196
\BOOKMARK [3][-]{subsubsection.16.7.5.9}{\376\377\000n\000u\000m\000\137\000b\000n\000d\000y\000\137\000c\000o\000e\000f\000f\000s\000\137}{subsection.16.7.5}% 197
\BOOKMARK [3][-]{subsubsection.16.7.5.10}{\376\377\000o\000r\000d\000e\000r\000\137\000a\000c\000c\000u\000r\000a\000c\000y\000\137}{subsection.16.7.5}% 198
\BOOKMARK [3][-]{subsubsection.16.7.5.11}{\376\377\000p\000r\000e\000m\000\137\000a\000p\000p\000s\000\137}{subsection.16.7.5}% 199
\BOOKMARK [3][-]{subsubsection.16.7.5.12}{\376\377\000r\000a\000t\000\137\000b\000a\000s\000i\000s\000\137\000n\000u\000l\000l\000\137\000s\000p\000a\000c\000e\000\137}{subsection.16.7.5}% 200
\BOOKMARK [3][-]{subsubsection.16.7.5.13}{\376\377\000r\000o\000w\000\137}{subsection.16.7.5}% 201
\BOOKMARK [3][-]{subsubsection.16.7.5.14}{\376\377\000w\000e\000i\000g\000h\000t\000s\000\137\000c\000b\000s\000\137}{subsection.16.7.5}% 202
\BOOKMARK [3][-]{subsubsection.16.7.5.15}{\376\377\000w\000e\000i\000g\000h\000t\000s\000\137\000c\000r\000s\000\137}{subsection.16.7.5}% 203
\BOOKMARK [1][-]{section.16.8}{\376\377\000m\000t\000k\000:\000:\000G\000r\000a\000d\0002\000D\000\040\000C\000l\000a\000s\000s\000\040\000R\000e\000f\000e\000r\000e\000n\000c\000e}{chapter.16}% 204
\BOOKMARK [2][-]{subsection.16.8.1}{\376\377\000D\000e\000t\000a\000i\000l\000e\000d\000\040\000D\000e\000s\000c\000r\000i\000p\000t\000i\000o\000n}{section.16.8}% 205
\BOOKMARK [2][-]{subsection.16.8.2}{\376\377\000C\000o\000n\000s\000t\000r\000u\000c\000t\000o\000r\000\040\000\046\000\040\000D\000e\000s\000t\000r\000u\000c\000t\000o\000r\000\040\000D\000o\000c\000u\000m\000e\000n\000t\000a\000t\000i\000o\000n}{section.16.8}% 206
\BOOKMARK [3][-]{subsubsection.16.8.2.1}{\376\377\000G\000r\000a\000d\0002\000D}{subsection.16.8.2}% 207
\BOOKMARK [3][-]{subsubsection.16.8.2.2}{\376\377\000G\000r\000a\000d\0002\000D}{subsection.16.8.2}% 208
\BOOKMARK [3][-]{subsubsection.16.8.2.3}{\376\377\000G\000r\000a\000d\0002\000D}{subsection.16.8.2}% 209
\BOOKMARK [2][-]{subsection.16.8.3}{\376\377\000M\000e\000m\000b\000e\000r\000\040\000F\000u\000n\000c\000t\000i\000o\000n\000\040\000D\000o\000c\000u\000m\000e\000n\000t\000a\000t\000i\000o\000n}{section.16.8}% 210
\BOOKMARK [3][-]{subsubsection.16.8.3.1}{\376\377\000C\000o\000n\000s\000t\000r\000u\000c\000t\000G\000r\000a\000d\0002\000D}{subsection.16.8.3}% 211
\BOOKMARK [3][-]{subsubsection.16.8.3.2}{\376\377\000R\000e\000t\000u\000r\000n\000A\000s\000D\000e\000n\000s\000e\000M\000a\000t\000r\000i\000x}{subsection.16.8.3}% 212
\BOOKMARK [2][-]{subsection.16.8.4}{\376\377\000M\000e\000m\000b\000e\000r\000\040\000D\000a\000t\000a\000\040\000D\000o\000c\000u\000m\000e\000n\000t\000a\000t\000i\000o\000n}{section.16.8}% 213
\BOOKMARK [3][-]{subsubsection.16.8.4.1}{\376\377\000g\000r\000a\000d\000i\000e\000n\000t\000\137}{subsection.16.8.4}% 214
\BOOKMARK [3][-]{subsubsection.16.8.4.2}{\376\377\000m\000i\000m\000e\000t\000i\000c\000\137\000t\000h\000r\000e\000s\000h\000o\000l\000d\000\137}{subsection.16.8.4}% 215
\BOOKMARK [3][-]{subsubsection.16.8.4.3}{\376\377\000o\000r\000d\000e\000r\000\137\000a\000c\000c\000u\000r\000a\000c\000y\000\137}{subsection.16.8.4}% 216
\BOOKMARK [1][-]{section.16.9}{\376\377\000m\000t\000k\000:\000:\000I\000n\000t\000e\000r\000p\0001\000D\000\040\000C\000l\000a\000s\000s\000\040\000R\000e\000f\000e\000r\000e\000n\000c\000e}{chapter.16}% 217
\BOOKMARK [2][-]{subsection.16.9.1}{\376\377\000D\000e\000t\000a\000i\000l\000e\000d\000\040\000D\000e\000s\000c\000r\000i\000p\000t\000i\000o\000n}{section.16.9}% 218
\BOOKMARK [2][-]{subsection.16.9.2}{\376\377\000C\000o\000n\000s\000t\000r\000u\000c\000t\000o\000r\000\040\000\046\000\040\000D\000e\000s\000t\000r\000u\000c\000t\000o\000r\000\040\000D\000o\000c\000u\000m\000e\000n\000t\000a\000t\000i\000o\000n}{section.16.9}% 219
\BOOKMARK [3][-]{subsubsection.16.9.2.1}{\376\377\000I\000n\000t\000e\000r\000p\0001\000D}{subsection.16.9.2}% 220
\BOOKMARK [3][-]{subsubsection.16.9.2.2}{\376\377\000I\000n\000t\000e\000r\000p\0001\000D}{subsection.16.9.2}% 221
\BOOKMARK [3][-]{subsubsection.16.9.2.3}{\376\377\000I\000n\000t\000e\000r\000p\0001\000D}{subsection.16.9.2}% 222
\BOOKMARK [2][-]{subsection.16.9.3}{\376\377\000M\000e\000m\000b\000e\000r\000\040\000F\000u\000n\000c\000t\000i\000o\000n\000\040\000D\000o\000c\000u\000m\000e\000n\000t\000a\000t\000i\000o\000n}{section.16.9}% 223
\BOOKMARK [3][-]{subsubsection.16.9.3.1}{\376\377\000c\000o\000e\000f\000f\000s\000\137\000i\000n\000t\000e\000r\000i\000o\000r}{subsection.16.9.3}% 224
\BOOKMARK [3][-]{subsubsection.16.9.3.2}{\376\377\000C\000o\000n\000s\000t\000r\000u\000c\000t\000I\000n\000t\000e\000r\000p\0001\000D}{subsection.16.9.3}% 225
\BOOKMARK [3][-]{subsubsection.16.9.3.3}{\376\377\000R\000e\000t\000u\000r\000n\000A\000s\000D\000e\000n\000s\000e\000M\000a\000t\000r\000i\000x}{subsection.16.9.3}% 226
\BOOKMARK [2][-]{subsection.16.9.4}{\376\377\000F\000r\000i\000e\000n\000d\000s\000\040\000A\000n\000d\000\040\000R\000e\000l\000a\000t\000e\000d\000\040\000F\000u\000n\000c\000t\000i\000o\000n\000\040\000D\000o\000c\000u\000m\000e\000n\000t\000a\000t\000i\000o\000n}{section.16.9}% 227
\BOOKMARK [3][-]{subsubsection.16.9.4.1}{\376\377\000o\000p\000e\000r\000a\000t\000o\000r\000<\000<}{subsection.16.9.4}% 228
\BOOKMARK [2][-]{subsection.16.9.5}{\376\377\000M\000e\000m\000b\000e\000r\000\040\000D\000a\000t\000a\000\040\000D\000o\000c\000u\000m\000e\000n\000t\000a\000t\000i\000o\000n}{section.16.9}% 229
\BOOKMARK [3][-]{subsubsection.16.9.5.1}{\376\377\000c\000o\000e\000f\000f\000s\000\137\000i\000n\000t\000e\000r\000i\000o\000r\000\137}{subsection.16.9.5}% 230
\BOOKMARK [3][-]{subsubsection.16.9.5.2}{\376\377\000d\000i\000r\000\137\000i\000n\000t\000e\000r\000p\000\137}{subsection.16.9.5}% 231
\BOOKMARK [3][-]{subsubsection.16.9.5.3}{\376\377\000o\000r\000d\000e\000r\000\137\000a\000c\000c\000u\000r\000a\000c\000y\000\137}{subsection.16.9.5}% 232
\BOOKMARK [1][-]{section.16.10}{\376\377\000m\000t\000k\000:\000:\000I\000n\000t\000e\000r\000p\0002\000D\000\040\000C\000l\000a\000s\000s\000\040\000R\000e\000f\000e\000r\000e\000n\000c\000e}{chapter.16}% 233
\BOOKMARK [2][-]{subsection.16.10.1}{\376\377\000D\000e\000t\000a\000i\000l\000e\000d\000\040\000D\000e\000s\000c\000r\000i\000p\000t\000i\000o\000n}{section.16.10}% 234
\BOOKMARK [2][-]{subsection.16.10.2}{\376\377\000C\000o\000n\000s\000t\000r\000u\000c\000t\000o\000r\000\040\000\046\000\040\000D\000e\000s\000t\000r\000u\000c\000t\000o\000r\000\040\000D\000o\000c\000u\000m\000e\000n\000t\000a\000t\000i\000o\000n}{section.16.10}% 235
\BOOKMARK [3][-]{subsubsection.16.10.2.1}{\376\377\000I\000n\000t\000e\000r\000p\0002\000D}{subsection.16.10.2}% 236
\BOOKMARK [3][-]{subsubsection.16.10.2.2}{\376\377\000I\000n\000t\000e\000r\000p\0002\000D}{subsection.16.10.2}% 237
\BOOKMARK [3][-]{subsubsection.16.10.2.3}{\376\377\000I\000n\000t\000e\000r\000p\0002\000D}{subsection.16.10.2}% 238
\BOOKMARK [2][-]{subsection.16.10.3}{\376\377\000M\000e\000m\000b\000e\000r\000\040\000F\000u\000n\000c\000t\000i\000o\000n\000\040\000D\000o\000c\000u\000m\000e\000n\000t\000a\000t\000i\000o\000n}{section.16.10}% 239
\BOOKMARK [3][-]{subsubsection.16.10.3.1}{\376\377\000C\000o\000n\000s\000t\000r\000u\000c\000t\000I\000n\000t\000e\000r\000p\0002\000D}{subsection.16.10.3}% 240
\BOOKMARK [3][-]{subsubsection.16.10.3.2}{\376\377\000R\000e\000t\000u\000r\000n\000A\000s\000D\000e\000n\000s\000e\000M\000a\000t\000r\000i\000x}{subsection.16.10.3}% 241
\BOOKMARK [2][-]{subsection.16.10.4}{\376\377\000M\000e\000m\000b\000e\000r\000\040\000D\000a\000t\000a\000\040\000D\000o\000c\000u\000m\000e\000n\000t\000a\000t\000i\000o\000n}{section.16.10}% 242
\BOOKMARK [3][-]{subsubsection.16.10.4.1}{\376\377\000i\000n\000t\000e\000r\000p\000o\000l\000a\000t\000o\000r\000\137}{subsection.16.10.4}% 243
\BOOKMARK [3][-]{subsubsection.16.10.4.2}{\376\377\000m\000i\000m\000e\000t\000i\000c\000\137\000t\000h\000r\000e\000s\000h\000o\000l\000d\000\137}{subsection.16.10.4}% 244
\BOOKMARK [3][-]{subsubsection.16.10.4.3}{\376\377\000o\000r\000d\000e\000r\000\137\000a\000c\000c\000u\000r\000a\000c\000y\000\137}{subsection.16.10.4}% 245
\BOOKMARK [1][-]{section.16.11}{\376\377\000m\000t\000k\000:\000:\000L\000a\000p\0001\000D\000\040\000C\000l\000a\000s\000s\000\040\000R\000e\000f\000e\000r\000e\000n\000c\000e}{chapter.16}% 246
\BOOKMARK [2][-]{subsection.16.11.1}{\376\377\000D\000e\000t\000a\000i\000l\000e\000d\000\040\000D\000e\000s\000c\000r\000i\000p\000t\000i\000o\000n}{section.16.11}% 247
\BOOKMARK [2][-]{subsection.16.11.2}{\376\377\000C\000o\000n\000s\000t\000r\000u\000c\000t\000o\000r\000\040\000\046\000\040\000D\000e\000s\000t\000r\000u\000c\000t\000o\000r\000\040\000D\000o\000c\000u\000m\000e\000n\000t\000a\000t\000i\000o\000n}{section.16.11}% 248
\BOOKMARK [3][-]{subsubsection.16.11.2.1}{\376\377\000L\000a\000p\0001\000D}{subsection.16.11.2}% 249
\BOOKMARK [3][-]{subsubsection.16.11.2.2}{\376\377\000L\000a\000p\0001\000D}{subsection.16.11.2}% 250
\BOOKMARK [3][-]{subsubsection.16.11.2.3}{\376\377\000L\000a\000p\0001\000D}{subsection.16.11.2}% 251
\BOOKMARK [2][-]{subsection.16.11.3}{\376\377\000M\000e\000m\000b\000e\000r\000\040\000F\000u\000n\000c\000t\000i\000o\000n\000\040\000D\000o\000c\000u\000m\000e\000n\000t\000a\000t\000i\000o\000n}{section.16.11}% 252
\BOOKMARK [3][-]{subsubsection.16.11.3.1}{\376\377\000C\000o\000n\000s\000t\000r\000u\000c\000t\000L\000a\000p\0001\000D}{subsection.16.11.3}% 253
\BOOKMARK [3][-]{subsubsection.16.11.3.2}{\376\377\000D\000a\000t\000a}{subsection.16.11.3}% 254
\BOOKMARK [3][-]{subsubsection.16.11.3.3}{\376\377\000R\000e\000t\000u\000r\000n\000A\000s\000D\000e\000n\000s\000e\000M\000a\000t\000r\000i\000x}{subsection.16.11.3}% 255
\BOOKMARK [2][-]{subsection.16.11.4}{\376\377\000F\000r\000i\000e\000n\000d\000s\000\040\000A\000n\000d\000\040\000R\000e\000l\000a\000t\000e\000d\000\040\000F\000u\000n\000c\000t\000i\000o\000n\000\040\000D\000o\000c\000u\000m\000e\000n\000t\000a\000t\000i\000o\000n}{section.16.11}% 256
\BOOKMARK [3][-]{subsubsection.16.11.4.1}{\376\377\000o\000p\000e\000r\000a\000t\000o\000r\000<\000<}{subsection.16.11.4}% 257
\BOOKMARK [2][-]{subsection.16.11.5}{\376\377\000M\000e\000m\000b\000e\000r\000\040\000D\000a\000t\000a\000\040\000D\000o\000c\000u\000m\000e\000n\000t\000a\000t\000i\000o\000n}{section.16.11}% 258
\BOOKMARK [3][-]{subsubsection.16.11.5.1}{\376\377\000l\000a\000p\000l\000a\000c\000i\000a\000n\000\137}{subsection.16.11.5}% 259
\BOOKMARK [3][-]{subsubsection.16.11.5.2}{\376\377\000l\000a\000p\000l\000a\000c\000i\000a\000n\000\137\000l\000e\000n\000g\000t\000h\000\137}{subsection.16.11.5}% 260
\BOOKMARK [3][-]{subsubsection.16.11.5.3}{\376\377\000m\000i\000m\000e\000t\000i\000c\000\137\000t\000h\000r\000e\000s\000h\000o\000l\000d\000\137}{subsection.16.11.5}% 261
\BOOKMARK [3][-]{subsubsection.16.11.5.4}{\376\377\000o\000r\000d\000e\000r\000\137\000a\000c\000c\000u\000r\000a\000c\000y\000\137}{subsection.16.11.5}% 262
\BOOKMARK [1][-]{section.16.12}{\376\377\000m\000t\000k\000:\000:\000L\000a\000p\0002\000D\000\040\000C\000l\000a\000s\000s\000\040\000R\000e\000f\000e\000r\000e\000n\000c\000e}{chapter.16}% 263
\BOOKMARK [2][-]{subsection.16.12.1}{\376\377\000D\000e\000t\000a\000i\000l\000e\000d\000\040\000D\000e\000s\000c\000r\000i\000p\000t\000i\000o\000n}{section.16.12}% 264
\BOOKMARK [2][-]{subsection.16.12.2}{\376\377\000C\000o\000n\000s\000t\000r\000u\000c\000t\000o\000r\000\040\000\046\000\040\000D\000e\000s\000t\000r\000u\000c\000t\000o\000r\000\040\000D\000o\000c\000u\000m\000e\000n\000t\000a\000t\000i\000o\000n}{section.16.12}% 265
\BOOKMARK [3][-]{subsubsection.16.12.2.1}{\376\377\000L\000a\000p\0002\000D}{subsection.16.12.2}% 266
\BOOKMARK [3][-]{subsubsection.16.12.2.2}{\376\377\000L\000a\000p\0002\000D}{subsection.16.12.2}% 267
\BOOKMARK [3][-]{subsubsection.16.12.2.3}{\376\377\000L\000a\000p\0002\000D}{subsection.16.12.2}% 268
\BOOKMARK [2][-]{subsection.16.12.3}{\376\377\000M\000e\000m\000b\000e\000r\000\040\000F\000u\000n\000c\000t\000i\000o\000n\000\040\000D\000o\000c\000u\000m\000e\000n\000t\000a\000t\000i\000o\000n}{section.16.12}% 269
\BOOKMARK [3][-]{subsubsection.16.12.3.1}{\376\377\000C\000o\000n\000s\000t\000r\000u\000c\000t\000L\000a\000p\0002\000D}{subsection.16.12.3}% 270
\BOOKMARK [3][-]{subsubsection.16.12.3.2}{\376\377\000R\000e\000t\000u\000r\000n\000A\000s\000D\000e\000n\000s\000e\000M\000a\000t\000r\000i\000x}{subsection.16.12.3}% 271
\BOOKMARK [2][-]{subsection.16.12.4}{\376\377\000M\000e\000m\000b\000e\000r\000\040\000D\000a\000t\000a\000\040\000D\000o\000c\000u\000m\000e\000n\000t\000a\000t\000i\000o\000n}{section.16.12}% 272
\BOOKMARK [3][-]{subsubsection.16.12.4.1}{\376\377\000l\000a\000p\000l\000a\000c\000i\000a\000n\000\137}{subsection.16.12.4}% 273
\BOOKMARK [3][-]{subsubsection.16.12.4.2}{\376\377\000m\000i\000m\000e\000t\000i\000c\000\137\000t\000h\000r\000e\000s\000h\000o\000l\000d\000\137}{subsection.16.12.4}% 274
\BOOKMARK [3][-]{subsubsection.16.12.4.3}{\376\377\000o\000r\000d\000e\000r\000\137\000a\000c\000c\000u\000r\000a\000c\000y\000\137}{subsection.16.12.4}% 275
\BOOKMARK [1][-]{section.16.13}{\376\377\000m\000t\000k\000:\000:\000L\000A\000P\000A\000C\000K\000A\000d\000a\000p\000t\000e\000r\000\040\000C\000l\000a\000s\000s\000\040\000R\000e\000f\000e\000r\000e\000n\000c\000e}{chapter.16}% 276
\BOOKMARK [2][-]{subsection.16.13.1}{\376\377\000D\000e\000t\000a\000i\000l\000e\000d\000\040\000D\000e\000s\000c\000r\000i\000p\000t\000i\000o\000n}{section.16.13}% 277
\BOOKMARK [2][-]{subsection.16.13.2}{\376\377\000M\000e\000m\000b\000e\000r\000\040\000F\000u\000n\000c\000t\000i\000o\000n\000\040\000D\000o\000c\000u\000m\000e\000n\000t\000a\000t\000i\000o\000n}{section.16.13}% 278
\BOOKMARK [3][-]{subsubsection.16.13.2.1}{\376\377\000Q\000R\000F\000a\000c\000t\000o\000r\000D\000e\000n\000s\000e\000M\000a\000t\000r\000i\000x}{subsection.16.13.2}% 279
\BOOKMARK [3][-]{subsubsection.16.13.2.2}{\376\377\000S\000o\000l\000v\000e\000D\000e\000n\000s\000e\000S\000y\000s\000t\000e\000m}{subsection.16.13.2}% 280
\BOOKMARK [3][-]{subsubsection.16.13.2.3}{\376\377\000S\000o\000l\000v\000e\000D\000e\000n\000s\000e\000S\000y\000s\000t\000e\000m}{subsection.16.13.2}% 281
\BOOKMARK [3][-]{subsubsection.16.13.2.4}{\376\377\000S\000o\000l\000v\000e\000D\000e\000n\000s\000e\000S\000y\000s\000t\000e\000m}{subsection.16.13.2}% 282
\BOOKMARK [3][-]{subsubsection.16.13.2.5}{\376\377\000S\000o\000l\000v\000e\000R\000e\000c\000t\000a\000n\000g\000u\000l\000a\000r\000D\000e\000n\000s\000e\000S\000y\000s\000t\000e\000m}{subsection.16.13.2}% 283
\BOOKMARK [1][-]{section.16.14}{\376\377\000m\000t\000k\000:\000:\000M\000a\000t\000r\000i\000x\000\040\000C\000l\000a\000s\000s\000\040\000R\000e\000f\000e\000r\000e\000n\000c\000e}{chapter.16}% 284
\BOOKMARK [2][-]{subsection.16.14.1}{\376\377\000D\000e\000t\000a\000i\000l\000e\000d\000\040\000D\000e\000s\000c\000r\000i\000p\000t\000i\000o\000n}{section.16.14}% 285
\BOOKMARK [2][-]{subsection.16.14.2}{\376\377\000C\000o\000n\000s\000t\000r\000u\000c\000t\000o\000r\000\040\000\046\000\040\000D\000e\000s\000t\000r\000u\000c\000t\000o\000r\000\040\000D\000o\000c\000u\000m\000e\000n\000t\000a\000t\000i\000o\000n}{section.16.14}% 286
\BOOKMARK [3][-]{subsubsection.16.14.2.1}{\376\377\000M\000a\000t\000r\000i\000x}{subsection.16.14.2}% 287
\BOOKMARK [3][-]{subsubsection.16.14.2.2}{\376\377\000M\000a\000t\000r\000i\000x}{subsection.16.14.2}% 288
\BOOKMARK [3][-]{subsubsection.16.14.2.3}{\376\377\000M\000a\000t\000r\000i\000x}{subsection.16.14.2}% 289
\BOOKMARK [2][-]{subsection.16.14.3}{\376\377\000M\000e\000m\000b\000e\000r\000\040\000F\000u\000n\000c\000t\000i\000o\000n\000\040\000D\000o\000c\000u\000m\000e\000n\000t\000a\000t\000i\000o\000n}{section.16.14}% 290
\BOOKMARK [3][-]{subsubsection.16.14.3.1}{\376\377\000a\000b\000s\000\137\000d\000e\000n\000s\000i\000t\000y}{subsection.16.14.3}% 291
\BOOKMARK [3][-]{subsubsection.16.14.3.2}{\376\377\000a\000b\000s\000\137\000s\000p\000a\000r\000s\000i\000t\000y}{subsection.16.14.3}% 292
\BOOKMARK [3][-]{subsubsection.16.14.3.3}{\376\377\000b\000a\000n\000d\000w\000i\000d\000t\000h}{subsection.16.14.3}% 293
\BOOKMARK [3][-]{subsubsection.16.14.3.4}{\376\377\000I\000n\000c\000r\000e\000a\000s\000e\000N\000u\000m\000N\000u\000l\000l}{subsection.16.14.3}% 294
\BOOKMARK [3][-]{subsubsection.16.14.3.5}{\376\377\000I\000n\000c\000r\000e\000a\000s\000e\000N\000u\000m\000Z\000e\000r\000o}{subsection.16.14.3}% 295
\BOOKMARK [3][-]{subsubsection.16.14.3.6}{\376\377\000k\000l}{subsection.16.14.3}% 296
\BOOKMARK [3][-]{subsubsection.16.14.3.7}{\376\377\000k\000u}{subsection.16.14.3}% 297
\BOOKMARK [3][-]{subsubsection.16.14.3.8}{\376\377\000l\000d}{subsection.16.14.3}% 298
\BOOKMARK [3][-]{subsubsection.16.14.3.9}{\376\377\000n\000u\000m\000\137\000c\000o\000l\000s}{subsection.16.14.3}% 299
\BOOKMARK [3][-]{subsubsection.16.14.3.10}{\376\377\000n\000u\000m\000\137\000n\000o\000n\000\137\000n\000u\000l\000l}{subsection.16.14.3}% 300
\BOOKMARK [3][-]{subsubsection.16.14.3.11}{\376\377\000n\000u\000m\000\137\000n\000o\000n\000\137\000z\000e\000r\000o}{subsection.16.14.3}% 301
\BOOKMARK [3][-]{subsubsection.16.14.3.12}{\376\377\000n\000u\000m\000\137\000n\000u\000l\000l}{subsection.16.14.3}% 302
\BOOKMARK [3][-]{subsubsection.16.14.3.13}{\376\377\000n\000u\000m\000\137\000r\000o\000w\000s}{subsection.16.14.3}% 303
\BOOKMARK [3][-]{subsubsection.16.14.3.14}{\376\377\000n\000u\000m\000\137\000v\000a\000l\000u\000e\000s}{subsection.16.14.3}% 304
\BOOKMARK [3][-]{subsubsection.16.14.3.15}{\376\377\000n\000u\000m\000\137\000z\000e\000r\000o}{subsection.16.14.3}% 305
\BOOKMARK [3][-]{subsubsection.16.14.3.16}{\376\377\000o\000r\000d\000e\000r\000i\000n\000g}{subsection.16.14.3}% 306
\BOOKMARK [3][-]{subsubsection.16.14.3.17}{\376\377\000r\000e\000l\000\137\000d\000e\000n\000s\000i\000t\000y}{subsection.16.14.3}% 307
\BOOKMARK [3][-]{subsubsection.16.14.3.18}{\376\377\000r\000e\000l\000\137\000s\000p\000a\000r\000s\000i\000t\000y}{subsection.16.14.3}% 308
\BOOKMARK [3][-]{subsubsection.16.14.3.19}{\376\377\000s\000e\000t\000\137\000n\000u\000m\000\137\000c\000o\000l\000s}{subsection.16.14.3}% 309
\BOOKMARK [3][-]{subsubsection.16.14.3.20}{\376\377\000s\000e\000t\000\137\000n\000u\000m\000\137\000n\000u\000l\000l}{subsection.16.14.3}% 310
\BOOKMARK [3][-]{subsubsection.16.14.3.21}{\376\377\000s\000e\000t\000\137\000n\000u\000m\000\137\000r\000o\000w\000s}{subsection.16.14.3}% 311
\BOOKMARK [3][-]{subsubsection.16.14.3.22}{\376\377\000s\000e\000t\000\137\000n\000u\000m\000\137\000z\000e\000r\000o}{subsection.16.14.3}% 312
\BOOKMARK [3][-]{subsubsection.16.14.3.23}{\376\377\000s\000e\000t\000\137\000o\000r\000d\000e\000r\000i\000n\000g}{subsection.16.14.3}% 313
\BOOKMARK [3][-]{subsubsection.16.14.3.24}{\376\377\000s\000e\000t\000\137\000s\000t\000o\000r\000a\000g\000e}{subsection.16.14.3}% 314
\BOOKMARK [3][-]{subsubsection.16.14.3.25}{\376\377\000s\000t\000o\000r\000a\000g\000e}{subsection.16.14.3}% 315
\BOOKMARK [2][-]{subsection.16.14.4}{\376\377\000M\000e\000m\000b\000e\000r\000\040\000D\000a\000t\000a\000\040\000D\000o\000c\000u\000m\000e\000n\000t\000a\000t\000i\000o\000n}{section.16.14}% 316
\BOOKMARK [3][-]{subsubsection.16.14.4.1}{\376\377\000a\000b\000s\000\137\000d\000e\000n\000s\000i\000t\000y\000\137}{subsection.16.14.4}% 317
\BOOKMARK [3][-]{subsubsection.16.14.4.2}{\376\377\000a\000b\000s\000\137\000s\000p\000a\000r\000s\000i\000t\000y\000\137}{subsection.16.14.4}% 318
\BOOKMARK [3][-]{subsubsection.16.14.4.3}{\376\377\000b\000a\000n\000d\000w\000i\000d\000t\000h\000\137}{subsection.16.14.4}% 319
\BOOKMARK [3][-]{subsubsection.16.14.4.4}{\376\377\000k\000l\000\137}{subsection.16.14.4}% 320
\BOOKMARK [3][-]{subsubsection.16.14.4.5}{\376\377\000k\000u\000\137}{subsection.16.14.4}% 321
\BOOKMARK [3][-]{subsubsection.16.14.4.6}{\376\377\000l\000d\000\137}{subsection.16.14.4}% 322
\BOOKMARK [3][-]{subsubsection.16.14.4.7}{\376\377\000n\000u\000m\000\137\000c\000o\000l\000s\000\137}{subsection.16.14.4}% 323
\BOOKMARK [3][-]{subsubsection.16.14.4.8}{\376\377\000n\000u\000m\000\137\000n\000o\000n\000\137\000n\000u\000l\000l\000\137}{subsection.16.14.4}% 324
\BOOKMARK [3][-]{subsubsection.16.14.4.9}{\376\377\000n\000u\000m\000\137\000n\000o\000n\000\137\000z\000e\000r\000o\000\137}{subsection.16.14.4}% 325
\BOOKMARK [3][-]{subsubsection.16.14.4.10}{\376\377\000n\000u\000m\000\137\000n\000u\000l\000l\000\137}{subsection.16.14.4}% 326
\BOOKMARK [3][-]{subsubsection.16.14.4.11}{\376\377\000n\000u\000m\000\137\000r\000o\000w\000s\000\137}{subsection.16.14.4}% 327
\BOOKMARK [3][-]{subsubsection.16.14.4.12}{\376\377\000n\000u\000m\000\137\000v\000a\000l\000u\000e\000s\000\137}{subsection.16.14.4}% 328
\BOOKMARK [3][-]{subsubsection.16.14.4.13}{\376\377\000n\000u\000m\000\137\000z\000e\000r\000o\000\137}{subsection.16.14.4}% 329
\BOOKMARK [3][-]{subsubsection.16.14.4.14}{\376\377\000o\000r\000d\000e\000r\000i\000n\000g\000\137}{subsection.16.14.4}% 330
\BOOKMARK [3][-]{subsubsection.16.14.4.15}{\376\377\000r\000e\000l\000\137\000d\000e\000n\000s\000i\000t\000y\000\137}{subsection.16.14.4}% 331
\BOOKMARK [3][-]{subsubsection.16.14.4.16}{\376\377\000r\000e\000l\000\137\000s\000p\000a\000r\000s\000i\000t\000y\000\137}{subsection.16.14.4}% 332
\BOOKMARK [3][-]{subsubsection.16.14.4.17}{\376\377\000s\000t\000o\000r\000a\000g\000e\000\137}{subsection.16.14.4}% 333
\BOOKMARK [1][-]{section.16.15}{\376\377\000m\000t\000k\000:\000:\000Q\000u\000a\000d\0001\000D\000\040\000C\000l\000a\000s\000s\000\040\000R\000e\000f\000e\000r\000e\000n\000c\000e}{chapter.16}% 334
\BOOKMARK [2][-]{subsection.16.15.1}{\376\377\000D\000e\000t\000a\000i\000l\000e\000d\000\040\000D\000e\000s\000c\000r\000i\000p\000t\000i\000o\000n}{section.16.15}% 335
\BOOKMARK [2][-]{subsection.16.15.2}{\376\377\000C\000o\000n\000s\000t\000r\000u\000c\000t\000o\000r\000\040\000\046\000\040\000D\000e\000s\000t\000r\000u\000c\000t\000o\000r\000\040\000D\000o\000c\000u\000m\000e\000n\000t\000a\000t\000i\000o\000n}{section.16.15}% 336
\BOOKMARK [3][-]{subsubsection.16.15.2.1}{\376\377\000Q\000u\000a\000d\0001\000D}{subsection.16.15.2}% 337
\BOOKMARK [3][-]{subsubsection.16.15.2.2}{\376\377\000Q\000u\000a\000d\0001\000D}{subsection.16.15.2}% 338
\BOOKMARK [3][-]{subsubsection.16.15.2.3}{\376\377\000Q\000u\000a\000d\0001\000D}{subsection.16.15.2}% 339
\BOOKMARK [2][-]{subsection.16.15.3}{\376\377\000M\000e\000m\000b\000e\000r\000\040\000F\000u\000n\000c\000t\000i\000o\000n\000\040\000D\000o\000c\000u\000m\000e\000n\000t\000a\000t\000i\000o\000n}{section.16.15}% 340
\BOOKMARK [3][-]{subsubsection.16.15.3.1}{\376\377\000d\000e\000g\000r\000e\000e\000\137\000a\000p\000p\000r\000o\000x\000i\000m\000a\000t\000i\000o\000n}{subsection.16.15.3}% 341
\BOOKMARK [3][-]{subsubsection.16.15.3.2}{\376\377\000I\000n\000t\000e\000g\000r\000a\000t\000e}{subsection.16.15.3}% 342
\BOOKMARK [3][-]{subsubsection.16.15.3.3}{\376\377\000w\000e\000i\000g\000h\000t\000s}{subsection.16.15.3}% 343
\BOOKMARK [2][-]{subsection.16.15.4}{\376\377\000F\000r\000i\000e\000n\000d\000s\000\040\000A\000n\000d\000\040\000R\000e\000l\000a\000t\000e\000d\000\040\000F\000u\000n\000c\000t\000i\000o\000n\000\040\000D\000o\000c\000u\000m\000e\000n\000t\000a\000t\000i\000o\000n}{section.16.15}% 344
\BOOKMARK [3][-]{subsubsection.16.15.4.1}{\376\377\000o\000p\000e\000r\000a\000t\000o\000r\000<\000<}{subsection.16.15.4}% 345
\BOOKMARK [2][-]{subsection.16.15.5}{\376\377\000M\000e\000m\000b\000e\000r\000\040\000D\000a\000t\000a\000\040\000D\000o\000c\000u\000m\000e\000n\000t\000a\000t\000i\000o\000n}{section.16.15}% 346
\BOOKMARK [3][-]{subsubsection.16.15.5.1}{\376\377\000d\000e\000g\000r\000e\000e\000\137\000a\000p\000p\000r\000o\000x\000i\000m\000a\000t\000i\000o\000n\000\137}{subsection.16.15.5}% 347
\BOOKMARK [3][-]{subsubsection.16.15.5.2}{\376\377\000w\000e\000i\000g\000h\000t\000s\000\137}{subsection.16.15.5}% 348
\BOOKMARK [1][-]{section.16.16}{\376\377\000m\000t\000k\000:\000:\000T\000o\000o\000l\000s\000\040\000C\000l\000a\000s\000s\000\040\000R\000e\000f\000e\000r\000e\000n\000c\000e}{chapter.16}% 349
\BOOKMARK [2][-]{subsection.16.16.1}{\376\377\000D\000e\000t\000a\000i\000l\000e\000d\000\040\000D\000e\000s\000c\000r\000i\000p\000t\000i\000o\000n}{section.16.16}% 350
\BOOKMARK [2][-]{subsection.16.16.2}{\376\377\000M\000e\000m\000b\000e\000r\000\040\000F\000u\000n\000c\000t\000i\000o\000n\000\040\000D\000o\000c\000u\000m\000e\000n\000t\000a\000t\000i\000o\000n}{section.16.16}% 351
\BOOKMARK [3][-]{subsubsection.16.16.2.1}{\376\377\000B\000e\000g\000i\000n\000T\000e\000s\000t\000N\000o}{subsection.16.16.2}% 352
\BOOKMARK [3][-]{subsubsection.16.16.2.2}{\376\377\000E\000n\000d\000T\000e\000s\000t\000N\000o}{subsection.16.16.2}% 353
\BOOKMARK [3][-]{subsubsection.16.16.2.3}{\376\377\000P\000r\000e\000v\000e\000n\000t}{subsection.16.16.2}% 354
\BOOKMARK [2][-]{subsection.16.16.3}{\376\377\000M\000e\000m\000b\000e\000r\000\040\000D\000a\000t\000a\000\040\000D\000o\000c\000u\000m\000e\000n\000t\000a\000t\000i\000o\000n}{section.16.16}% 355
\BOOKMARK [3][-]{subsubsection.16.16.3.1}{\376\377\000b\000e\000g\000i\000n\000\137\000t\000i\000m\000e\000\137}{subsection.16.16.3}% 356
\BOOKMARK [3][-]{subsubsection.16.16.3.2}{\376\377\000t\000e\000s\000t\000\137\000n\000u\000m\000b\000e\000r\000\137}{subsection.16.16.3}% 357
\BOOKMARK [1][-]{section.16.17}{\376\377\000m\000t\000k\000:\000:\000U\000n\000i\000S\000t\000g\000G\000r\000i\000d\0001\000D\000\040\000C\000l\000a\000s\000s\000\040\000R\000e\000f\000e\000r\000e\000n\000c\000e}{chapter.16}% 358
\BOOKMARK [2][-]{subsection.16.17.1}{\376\377\000D\000e\000t\000a\000i\000l\000e\000d\000\040\000D\000e\000s\000c\000r\000i\000p\000t\000i\000o\000n}{section.16.17}% 359
\BOOKMARK [2][-]{subsection.16.17.2}{\376\377\000C\000o\000n\000s\000t\000r\000u\000c\000t\000o\000r\000\040\000\046\000\040\000D\000e\000s\000t\000r\000u\000c\000t\000o\000r\000\040\000D\000o\000c\000u\000m\000e\000n\000t\000a\000t\000i\000o\000n}{section.16.17}% 360
\BOOKMARK [3][-]{subsubsection.16.17.2.1}{\376\377\000U\000n\000i\000S\000t\000g\000G\000r\000i\000d\0001\000D}{subsection.16.17.2}% 361
\BOOKMARK [3][-]{subsubsection.16.17.2.2}{\376\377\000U\000n\000i\000S\000t\000g\000G\000r\000i\000d\0001\000D}{subsection.16.17.2}% 362
\BOOKMARK [3][-]{subsubsection.16.17.2.3}{\376\377\000U\000n\000i\000S\000t\000g\000G\000r\000i\000d\0001\000D}{subsection.16.17.2}% 363
\BOOKMARK [3][-]{subsubsection.16.17.2.4}{\376\377\000U\000n\000i\000S\000t\000g\000G\000r\000i\000d\0001\000D}{subsection.16.17.2}% 364
\BOOKMARK [2][-]{subsection.16.17.3}{\376\377\000M\000e\000m\000b\000e\000r\000\040\000F\000u\000n\000c\000t\000i\000o\000n\000\040\000D\000o\000c\000u\000m\000e\000n\000t\000a\000t\000i\000o\000n}{section.16.17}% 365
\BOOKMARK [3][-]{subsubsection.16.17.3.1}{\376\377\000B\000i\000n\000d\000S\000c\000a\000l\000a\000r\000F\000i\000e\000l\000d}{subsection.16.17.3}% 366
\BOOKMARK [3][-]{subsubsection.16.17.3.2}{\376\377\000B\000i\000n\000d\000V\000e\000c\000t\000o\000r\000F\000i\000e\000l\000d}{subsection.16.17.3}% 367
\BOOKMARK [3][-]{subsubsection.16.17.3.3}{\376\377\000d\000e\000l\000t\000a\000\137\000x}{subsection.16.17.3}% 368
\BOOKMARK [3][-]{subsubsection.16.17.3.4}{\376\377\000d\000i\000s\000c\000r\000e\000t\000e\000\137\000d\000o\000m\000a\000i\000n\000\137\000x}{subsection.16.17.3}% 369
\BOOKMARK [3][-]{subsubsection.16.17.3.5}{\376\377\000d\000i\000s\000c\000r\000e\000t\000e\000\137\000f\000i\000e\000l\000d\000\137\000u}{subsection.16.17.3}% 370
\BOOKMARK [3][-]{subsubsection.16.17.3.6}{\376\377\000e\000a\000s\000t\000\137\000b\000n\000d\000y\000\137\000x}{subsection.16.17.3}% 371
\BOOKMARK [3][-]{subsubsection.16.17.3.7}{\376\377\000n\000u\000m\000\137\000c\000e\000l\000l\000s\000\137\000x}{subsection.16.17.3}% 372
\BOOKMARK [3][-]{subsubsection.16.17.3.8}{\376\377\000w\000e\000s\000t\000\137\000b\000n\000d\000y\000\137\000x}{subsection.16.17.3}% 373
\BOOKMARK [3][-]{subsubsection.16.17.3.9}{\376\377\000W\000r\000i\000t\000e\000T\000o\000F\000i\000l\000e}{subsection.16.17.3}% 374
\BOOKMARK [2][-]{subsection.16.17.4}{\376\377\000F\000r\000i\000e\000n\000d\000s\000\040\000A\000n\000d\000\040\000R\000e\000l\000a\000t\000e\000d\000\040\000F\000u\000n\000c\000t\000i\000o\000n\000\040\000D\000o\000c\000u\000m\000e\000n\000t\000a\000t\000i\000o\000n}{section.16.17}% 375
\BOOKMARK [3][-]{subsubsection.16.17.4.1}{\376\377\000o\000p\000e\000r\000a\000t\000o\000r\000<\000<}{subsection.16.17.4}% 376
\BOOKMARK [2][-]{subsection.16.17.5}{\376\377\000M\000e\000m\000b\000e\000r\000\040\000D\000a\000t\000a\000\040\000D\000o\000c\000u\000m\000e\000n\000t\000a\000t\000i\000o\000n}{section.16.17}% 377
\BOOKMARK [3][-]{subsubsection.16.17.5.1}{\376\377\000d\000e\000l\000t\000a\000\137\000x\000\137}{subsection.16.17.5}% 378
\BOOKMARK [3][-]{subsubsection.16.17.5.2}{\376\377\000d\000i\000s\000c\000r\000e\000t\000e\000\137\000d\000o\000m\000a\000i\000n\000\137\000x\000\137}{subsection.16.17.5}% 379
\BOOKMARK [3][-]{subsubsection.16.17.5.3}{\376\377\000d\000i\000s\000c\000r\000e\000t\000e\000\137\000f\000i\000e\000l\000d\000\137\000u\000\137}{subsection.16.17.5}% 380
\BOOKMARK [3][-]{subsubsection.16.17.5.4}{\376\377\000e\000a\000s\000t\000\137\000b\000n\000d\000y\000\137\000x\000\137}{subsection.16.17.5}% 381
\BOOKMARK [3][-]{subsubsection.16.17.5.5}{\376\377\000n\000a\000t\000u\000r\000e\000\137}{subsection.16.17.5}% 382
\BOOKMARK [3][-]{subsubsection.16.17.5.6}{\376\377\000n\000u\000m\000\137\000c\000e\000l\000l\000s\000\137\000x\000\137}{subsection.16.17.5}% 383
\BOOKMARK [3][-]{subsubsection.16.17.5.7}{\376\377\000w\000e\000s\000t\000\137\000b\000n\000d\000y\000\137\000x\000\137}{subsection.16.17.5}% 384
\BOOKMARK [1][-]{section.16.18}{\376\377\000m\000t\000k\000:\000:\000U\000n\000i\000S\000t\000g\000G\000r\000i\000d\0002\000D\000\040\000C\000l\000a\000s\000s\000\040\000R\000e\000f\000e\000r\000e\000n\000c\000e}{chapter.16}% 385
\BOOKMARK [2][-]{subsection.16.18.1}{\376\377\000D\000e\000t\000a\000i\000l\000e\000d\000\040\000D\000e\000s\000c\000r\000i\000p\000t\000i\000o\000n}{section.16.18}% 386
\BOOKMARK [2][-]{subsection.16.18.2}{\376\377\000C\000o\000n\000s\000t\000r\000u\000c\000t\000o\000r\000\040\000\046\000\040\000D\000e\000s\000t\000r\000u\000c\000t\000o\000r\000\040\000D\000o\000c\000u\000m\000e\000n\000t\000a\000t\000i\000o\000n}{section.16.18}% 387
\BOOKMARK [3][-]{subsubsection.16.18.2.1}{\376\377\000U\000n\000i\000S\000t\000g\000G\000r\000i\000d\0002\000D}{subsection.16.18.2}% 388
\BOOKMARK [3][-]{subsubsection.16.18.2.2}{\376\377\000U\000n\000i\000S\000t\000g\000G\000r\000i\000d\0002\000D}{subsection.16.18.2}% 389
\BOOKMARK [3][-]{subsubsection.16.18.2.3}{\376\377\000U\000n\000i\000S\000t\000g\000G\000r\000i\000d\0002\000D}{subsection.16.18.2}% 390
\BOOKMARK [3][-]{subsubsection.16.18.2.4}{\376\377\000U\000n\000i\000S\000t\000g\000G\000r\000i\000d\0002\000D}{subsection.16.18.2}% 391
\BOOKMARK [2][-]{subsection.16.18.3}{\376\377\000M\000e\000m\000b\000e\000r\000\040\000F\000u\000n\000c\000t\000i\000o\000n\000\040\000D\000o\000c\000u\000m\000e\000n\000t\000a\000t\000i\000o\000n}{section.16.18}% 392
\BOOKMARK [3][-]{subsubsection.16.18.3.1}{\376\377\000B\000i\000n\000d\000S\000c\000a\000l\000a\000r\000F\000i\000e\000l\000d}{subsection.16.18.3}% 393
\BOOKMARK [3][-]{subsubsection.16.18.3.2}{\376\377\000B\000i\000n\000d\000V\000e\000c\000t\000o\000r\000F\000i\000e\000l\000d\000P\000C\000o\000m\000p\000o\000n\000e\000n\000t}{subsection.16.18.3}% 394
\BOOKMARK [3][-]{subsubsection.16.18.3.3}{\376\377\000B\000i\000n\000d\000V\000e\000c\000t\000o\000r\000F\000i\000e\000l\000d\000Q\000C\000o\000m\000p\000o\000n\000e\000n\000t}{subsection.16.18.3}% 395
\BOOKMARK [3][-]{subsubsection.16.18.3.4}{\376\377\000d\000e\000l\000t\000a\000\137\000x}{subsection.16.18.3}% 396
\BOOKMARK [3][-]{subsubsection.16.18.3.5}{\376\377\000d\000e\000l\000t\000a\000\137\000y}{subsection.16.18.3}% 397
\BOOKMARK [3][-]{subsubsection.16.18.3.6}{\376\377\000d\000i\000s\000c\000r\000e\000t\000e\000\137\000d\000o\000m\000a\000i\000n\000\137\000x}{subsection.16.18.3}% 398
\BOOKMARK [3][-]{subsubsection.16.18.3.7}{\376\377\000d\000i\000s\000c\000r\000e\000t\000e\000\137\000d\000o\000m\000a\000i\000n\000\137\000y}{subsection.16.18.3}% 399
\BOOKMARK [3][-]{subsubsection.16.18.3.8}{\376\377\000d\000i\000s\000c\000r\000e\000t\000e\000\137\000f\000i\000e\000l\000d\000\137\000u}{subsection.16.18.3}% 400
\BOOKMARK [3][-]{subsubsection.16.18.3.9}{\376\377\000e\000a\000s\000t\000\137\000b\000n\000d\000y\000\137\000x}{subsection.16.18.3}% 401
\BOOKMARK [3][-]{subsubsection.16.18.3.10}{\376\377\000n\000o\000r\000t\000h\000\137\000b\000n\000d\000y\000\137\000y}{subsection.16.18.3}% 402
\BOOKMARK [3][-]{subsubsection.16.18.3.11}{\376\377\000n\000u\000m\000\137\000c\000e\000l\000l\000s\000\137\000x}{subsection.16.18.3}% 403
\BOOKMARK [3][-]{subsubsection.16.18.3.12}{\376\377\000n\000u\000m\000\137\000c\000e\000l\000l\000s\000\137\000y}{subsection.16.18.3}% 404
\BOOKMARK [3][-]{subsubsection.16.18.3.13}{\376\377\000s\000o\000u\000t\000h\000\137\000b\000n\000d\000y\000\137\000y}{subsection.16.18.3}% 405
\BOOKMARK [3][-]{subsubsection.16.18.3.14}{\376\377\000w\000e\000s\000t\000\137\000b\000n\000d\000y\000\137\000x}{subsection.16.18.3}% 406
\BOOKMARK [3][-]{subsubsection.16.18.3.15}{\376\377\000W\000r\000i\000t\000e\000T\000o\000F\000i\000l\000e}{subsection.16.18.3}% 407
\BOOKMARK [2][-]{subsection.16.18.4}{\376\377\000F\000r\000i\000e\000n\000d\000s\000\040\000A\000n\000d\000\040\000R\000e\000l\000a\000t\000e\000d\000\040\000F\000u\000n\000c\000t\000i\000o\000n\000\040\000D\000o\000c\000u\000m\000e\000n\000t\000a\000t\000i\000o\000n}{section.16.18}% 408
\BOOKMARK [3][-]{subsubsection.16.18.4.1}{\376\377\000o\000p\000e\000r\000a\000t\000o\000r\000<\000<}{subsection.16.18.4}% 409
\BOOKMARK [2][-]{subsection.16.18.5}{\376\377\000M\000e\000m\000b\000e\000r\000\040\000D\000a\000t\000a\000\040\000D\000o\000c\000u\000m\000e\000n\000t\000a\000t\000i\000o\000n}{section.16.18}% 410
\BOOKMARK [3][-]{subsubsection.16.18.5.1}{\376\377\000d\000e\000l\000t\000a\000\137\000x\000\137}{subsection.16.18.5}% 411
\BOOKMARK [3][-]{subsubsection.16.18.5.2}{\376\377\000d\000e\000l\000t\000a\000\137\000y\000\137}{subsection.16.18.5}% 412
\BOOKMARK [3][-]{subsubsection.16.18.5.3}{\376\377\000d\000i\000s\000c\000r\000e\000t\000e\000\137\000d\000o\000m\000a\000i\000n\000\137\000x\000\137}{subsection.16.18.5}% 413
\BOOKMARK [3][-]{subsubsection.16.18.5.4}{\376\377\000d\000i\000s\000c\000r\000e\000t\000e\000\137\000d\000o\000m\000a\000i\000n\000\137\000y\000\137}{subsection.16.18.5}% 414
\BOOKMARK [3][-]{subsubsection.16.18.5.5}{\376\377\000d\000i\000s\000c\000r\000e\000t\000e\000\137\000f\000i\000e\000l\000d\000\137\000u\000\137}{subsection.16.18.5}% 415
\BOOKMARK [3][-]{subsubsection.16.18.5.6}{\376\377\000e\000a\000s\000t\000\137\000b\000n\000d\000y\000\137\000x\000\137}{subsection.16.18.5}% 416
\BOOKMARK [3][-]{subsubsection.16.18.5.7}{\376\377\000n\000a\000t\000u\000r\000e\000\137}{subsection.16.18.5}% 417
\BOOKMARK [3][-]{subsubsection.16.18.5.8}{\376\377\000n\000o\000r\000t\000h\000\137\000b\000n\000d\000y\000\137\000y\000\137}{subsection.16.18.5}% 418
\BOOKMARK [3][-]{subsubsection.16.18.5.9}{\376\377\000n\000u\000m\000\137\000c\000e\000l\000l\000s\000\137\000x\000\137}{subsection.16.18.5}% 419
\BOOKMARK [3][-]{subsubsection.16.18.5.10}{\376\377\000n\000u\000m\000\137\000c\000e\000l\000l\000s\000\137\000y\000\137}{subsection.16.18.5}% 420
\BOOKMARK [3][-]{subsubsection.16.18.5.11}{\376\377\000s\000o\000u\000t\000h\000\137\000b\000n\000d\000y\000\137\000y\000\137}{subsection.16.18.5}% 421
\BOOKMARK [3][-]{subsubsection.16.18.5.12}{\376\377\000w\000e\000s\000t\000\137\000b\000n\000d\000y\000\137\000x\000\137}{subsection.16.18.5}% 422
\BOOKMARK [0][-]{chapter.17}{\376\377\000F\000i\000l\000e\000\040\000D\000o\000c\000u\000m\000e\000n\000t\000a\000t\000i\000o\000n}{}% 423
\BOOKMARK [1][-]{section.17.1}{\376\377\000e\000x\000a\000m\000p\000l\000e\000s\000/\000m\000i\000n\000i\000m\000a\000l\000i\000s\000t\000i\000c\000\137\000p\000o\000i\000s\000s\000o\000n\000\137\0001\000d\000/\000m\000i\000n\000i\000m\000a\000l\000i\000s\000t\000i\000c\000\137\000p\000o\000i\000s\000s\000o\000n\000\137\0001\000d\000.\000c\000c\000\040\000F\000i\000l\000e\000\040\000R\000e\000f\000e\000r\000e\000n\000c\000e}{chapter.17}% 424
\BOOKMARK [2][-]{subsection.17.1.1}{\376\377\000D\000e\000t\000a\000i\000l\000e\000d\000\040\000D\000e\000s\000c\000r\000i\000p\000t\000i\000o\000n}{section.17.1}% 425
\BOOKMARK [2][-]{subsection.17.1.2}{\376\377\000F\000u\000n\000c\000t\000i\000o\000n\000\040\000D\000o\000c\000u\000m\000e\000n\000t\000a\000t\000i\000o\000n}{section.17.1}% 426
\BOOKMARK [3][-]{subsubsection.17.1.2.1}{\376\377\000m\000a\000i\000n}{subsection.17.1.2}% 427
\BOOKMARK [1][-]{section.17.2}{\376\377\000m\000i\000n\000i\000m\000a\000l\000i\000s\000t\000i\000c\000\137\000p\000o\000i\000s\000s\000o\000n\000\137\0001\000d\000.\000c\000c}{chapter.17}% 428
\BOOKMARK [1][-]{section.17.3}{\376\377\000e\000x\000a\000m\000p\000l\000e\000s\000/\000p\000o\000i\000s\000s\000o\000n\000\137\0001\000d\000/\000p\000o\000i\000s\000s\000o\000n\000\137\0001\000d\000.\000c\000c\000\040\000F\000i\000l\000e\000\040\000R\000e\000f\000e\000r\000e\000n\000c\000e}{chapter.17}% 429
\BOOKMARK [2][-]{subsection.17.3.1}{\376\377\000D\000e\000t\000a\000i\000l\000e\000d\000\040\000D\000e\000s\000c\000r\000i\000p\000t\000i\000o\000n}{section.17.3}% 430
\BOOKMARK [2][-]{subsection.17.3.2}{\376\377\000F\000u\000n\000c\000t\000i\000o\000n\000\040\000D\000o\000c\000u\000m\000e\000n\000t\000a\000t\000i\000o\000n}{section.17.3}% 431
\BOOKMARK [3][-]{subsubsection.17.3.2.1}{\376\377\000m\000a\000i\000n}{subsection.17.3.2}% 432
\BOOKMARK [1][-]{section.17.4}{\376\377\000p\000o\000i\000s\000s\000o\000n\000\137\0001\000d\000.\000c\000c}{chapter.17}% 433
\BOOKMARK [1][-]{section.17.5}{\376\377\000i\000n\000c\000l\000u\000d\000e\000/\000m\000t\000k\000.\000h\000\040\000F\000i\000l\000e\000\040\000R\000e\000f\000e\000r\000e\000n\000c\000e}{chapter.17}% 434
\BOOKMARK [2][-]{subsection.17.5.1}{\376\377\000D\000e\000t\000a\000i\000l\000e\000d\000\040\000D\000e\000s\000c\000r\000i\000p\000t\000i\000o\000n}{section.17.5}% 435
\BOOKMARK [1][-]{section.17.6}{\376\377\000m\000t\000k\000.\000h}{chapter.17}% 436
\BOOKMARK [1][-]{section.17.7}{\376\377\000i\000n\000c\000l\000u\000d\000e\000/\000m\000t\000k\000\137\000b\000c\000\137\000d\000e\000s\000c\000\137\0001\000d\000.\000h\000\040\000F\000i\000l\000e\000\040\000R\000e\000f\000e\000r\000e\000n\000c\000e}{chapter.17}% 437
\BOOKMARK [1][-]{section.17.8}{\376\377\000m\000t\000k\000\137\000b\000c\000\137\000d\000e\000s\000c\000\137\0001\000d\000.\000h}{chapter.17}% 438
\BOOKMARK [1][-]{section.17.9}{\376\377\000i\000n\000c\000l\000u\000d\000e\000/\000m\000t\000k\000\137\000b\000l\000a\000s\000\137\000a\000d\000a\000p\000t\000e\000r\000.\000h\000\040\000F\000i\000l\000e\000\040\000R\000e\000f\000e\000r\000e\000n\000c\000e}{chapter.17}% 439
\BOOKMARK [2][-]{subsection.17.9.1}{\376\377\000D\000e\000t\000a\000i\000l\000e\000d\000\040\000D\000e\000s\000c\000r\000i\000p\000t\000i\000o\000n}{section.17.9}% 440
\BOOKMARK [1][-]{section.17.10}{\376\377\000m\000t\000k\000\137\000b\000l\000a\000s\000\137\000a\000d\000a\000p\000t\000e\000r\000.\000h}{chapter.17}% 441
\BOOKMARK [1][-]{section.17.11}{\376\377\000i\000n\000c\000l\000u\000d\000e\000/\000m\000t\000k\000\137\000d\000e\000n\000s\000e\000\137\000m\000a\000t\000r\000i\000x\000.\000h\000\040\000F\000i\000l\000e\000\040\000R\000e\000f\000e\000r\000e\000n\000c\000e}{chapter.17}% 442
\BOOKMARK [2][-]{subsection.17.11.1}{\376\377\000D\000e\000t\000a\000i\000l\000e\000d\000\040\000D\000e\000s\000c\000r\000i\000p\000t\000i\000o\000n}{section.17.11}% 443
\BOOKMARK [1][-]{section.17.12}{\376\377\000m\000t\000k\000\137\000d\000e\000n\000s\000e\000\137\000m\000a\000t\000r\000i\000x\000.\000h}{chapter.17}% 444
\BOOKMARK [1][-]{section.17.13}{\376\377\000i\000n\000c\000l\000u\000d\000e\000/\000m\000t\000k\000\137\000d\000i\000v\000\137\0001\000d\000.\000h\000\040\000F\000i\000l\000e\000\040\000R\000e\000f\000e\000r\000e\000n\000c\000e}{chapter.17}% 445
\BOOKMARK [2][-]{subsection.17.13.1}{\376\377\000D\000e\000t\000a\000i\000l\000e\000d\000\040\000D\000e\000s\000c\000r\000i\000p\000t\000i\000o\000n}{section.17.13}% 446
\BOOKMARK [1][-]{section.17.14}{\376\377\000m\000t\000k\000\137\000d\000i\000v\000\137\0001\000d\000.\000h}{chapter.17}% 447
\BOOKMARK [1][-]{section.17.15}{\376\377\000i\000n\000c\000l\000u\000d\000e\000/\000m\000t\000k\000\137\000d\000i\000v\000\137\0002\000d\000.\000h\000\040\000F\000i\000l\000e\000\040\000R\000e\000f\000e\000r\000e\000n\000c\000e}{chapter.17}% 448
\BOOKMARK [2][-]{subsection.17.15.1}{\376\377\000D\000e\000t\000a\000i\000l\000e\000d\000\040\000D\000e\000s\000c\000r\000i\000p\000t\000i\000o\000n}{section.17.15}% 449
\BOOKMARK [1][-]{section.17.16}{\376\377\000m\000t\000k\000\137\000d\000i\000v\000\137\0002\000d\000.\000h}{chapter.17}% 450
\BOOKMARK [1][-]{section.17.17}{\376\377\000i\000n\000c\000l\000u\000d\000e\000/\000m\000t\000k\000\137\000e\000n\000u\000m\000s\000.\000h\000\040\000F\000i\000l\000e\000\040\000R\000e\000f\000e\000r\000e\000n\000c\000e}{chapter.17}% 451
\BOOKMARK [2][-]{subsection.17.17.1}{\376\377\000D\000e\000t\000a\000i\000l\000e\000d\000\040\000D\000e\000s\000c\000r\000i\000p\000t\000i\000o\000n}{section.17.17}% 452
\BOOKMARK [1][-]{section.17.18}{\376\377\000m\000t\000k\000\137\000e\000n\000u\000m\000s\000.\000h}{chapter.17}% 453
\BOOKMARK [1][-]{section.17.19}{\376\377\000i\000n\000c\000l\000u\000d\000e\000/\000m\000t\000k\000\137\000g\000l\000p\000k\000\137\000a\000d\000a\000p\000t\000e\000r\000.\000h\000\040\000F\000i\000l\000e\000\040\000R\000e\000f\000e\000r\000e\000n\000c\000e}{chapter.17}% 454
\BOOKMARK [2][-]{subsection.17.19.1}{\376\377\000D\000e\000t\000a\000i\000l\000e\000d\000\040\000D\000e\000s\000c\000r\000i\000p\000t\000i\000o\000n}{section.17.19}% 455
\BOOKMARK [1][-]{section.17.20}{\376\377\000m\000t\000k\000\137\000g\000l\000p\000k\000\137\000a\000d\000a\000p\000t\000e\000r\000.\000h}{chapter.17}% 456
\BOOKMARK [1][-]{section.17.21}{\376\377\000i\000n\000c\000l\000u\000d\000e\000/\000m\000t\000k\000\137\000g\000r\000a\000d\000\137\0001\000d\000.\000h\000\040\000F\000i\000l\000e\000\040\000R\000e\000f\000e\000r\000e\000n\000c\000e}{chapter.17}% 457
\BOOKMARK [2][-]{subsection.17.21.1}{\376\377\000D\000e\000t\000a\000i\000l\000e\000d\000\040\000D\000e\000s\000c\000r\000i\000p\000t\000i\000o\000n}{section.17.21}% 458
\BOOKMARK [1][-]{section.17.22}{\376\377\000m\000t\000k\000\137\000g\000r\000a\000d\000\137\0001\000d\000.\000h}{chapter.17}% 459
\BOOKMARK [1][-]{section.17.23}{\376\377\000i\000n\000c\000l\000u\000d\000e\000/\000m\000t\000k\000\137\000g\000r\000a\000d\000\137\0002\000d\000.\000h\000\040\000F\000i\000l\000e\000\040\000R\000e\000f\000e\000r\000e\000n\000c\000e}{chapter.17}% 460
\BOOKMARK [2][-]{subsection.17.23.1}{\376\377\000D\000e\000t\000a\000i\000l\000e\000d\000\040\000D\000e\000s\000c\000r\000i\000p\000t\000i\000o\000n}{section.17.23}% 461
\BOOKMARK [1][-]{section.17.24}{\376\377\000m\000t\000k\000\137\000g\000r\000a\000d\000\137\0002\000d\000.\000h}{chapter.17}% 462
\BOOKMARK [1][-]{section.17.25}{\376\377\000i\000n\000c\000l\000u\000d\000e\000/\000m\000t\000k\000\137\000i\000n\000t\000e\000r\000p\000\137\0001\000d\000.\000h\000\040\000F\000i\000l\000e\000\040\000R\000e\000f\000e\000r\000e\000n\000c\000e}{chapter.17}% 463
\BOOKMARK [2][-]{subsection.17.25.1}{\376\377\000D\000e\000t\000a\000i\000l\000e\000d\000\040\000D\000e\000s\000c\000r\000i\000p\000t\000i\000o\000n}{section.17.25}% 464
\BOOKMARK [1][-]{section.17.26}{\376\377\000m\000t\000k\000\137\000i\000n\000t\000e\000r\000p\000\137\0001\000d\000.\000h}{chapter.17}% 465
\BOOKMARK [1][-]{section.17.27}{\376\377\000i\000n\000c\000l\000u\000d\000e\000/\000m\000t\000k\000\137\000i\000n\000t\000e\000r\000p\000\137\0002\000d\000.\000h\000\040\000F\000i\000l\000e\000\040\000R\000e\000f\000e\000r\000e\000n\000c\000e}{chapter.17}% 466
\BOOKMARK [2][-]{subsection.17.27.1}{\376\377\000D\000e\000t\000a\000i\000l\000e\000d\000\040\000D\000e\000s\000c\000r\000i\000p\000t\000i\000o\000n}{section.17.27}% 467
\BOOKMARK [1][-]{section.17.28}{\376\377\000m\000t\000k\000\137\000i\000n\000t\000e\000r\000p\000\137\0002\000d\000.\000h}{chapter.17}% 468
\BOOKMARK [1][-]{section.17.29}{\376\377\000i\000n\000c\000l\000u\000d\000e\000/\000m\000t\000k\000\137\000l\000a\000p\000\137\0001\000d\000.\000h\000\040\000F\000i\000l\000e\000\040\000R\000e\000f\000e\000r\000e\000n\000c\000e}{chapter.17}% 469
\BOOKMARK [2][-]{subsection.17.29.1}{\376\377\000D\000e\000t\000a\000i\000l\000e\000d\000\040\000D\000e\000s\000c\000r\000i\000p\000t\000i\000o\000n}{section.17.29}% 470
\BOOKMARK [1][-]{section.17.30}{\376\377\000m\000t\000k\000\137\000l\000a\000p\000\137\0001\000d\000.\000h}{chapter.17}% 471
\BOOKMARK [1][-]{section.17.31}{\376\377\000i\000n\000c\000l\000u\000d\000e\000/\000m\000t\000k\000\137\000l\000a\000p\000\137\0002\000d\000.\000h\000\040\000F\000i\000l\000e\000\040\000R\000e\000f\000e\000r\000e\000n\000c\000e}{chapter.17}% 472
\BOOKMARK [2][-]{subsection.17.31.1}{\376\377\000D\000e\000t\000a\000i\000l\000e\000d\000\040\000D\000e\000s\000c\000r\000i\000p\000t\000i\000o\000n}{section.17.31}% 473
\BOOKMARK [1][-]{section.17.32}{\376\377\000m\000t\000k\000\137\000l\000a\000p\000\137\0002\000d\000.\000h}{chapter.17}% 474
\BOOKMARK [1][-]{section.17.33}{\376\377\000i\000n\000c\000l\000u\000d\000e\000/\000m\000t\000k\000\137\000l\000a\000p\000a\000c\000k\000\137\000a\000d\000a\000p\000t\000e\000r\000.\000h\000\040\000F\000i\000l\000e\000\040\000R\000e\000f\000e\000r\000e\000n\000c\000e}{chapter.17}% 475
\BOOKMARK [2][-]{subsection.17.33.1}{\376\377\000D\000e\000t\000a\000i\000l\000e\000d\000\040\000D\000e\000s\000c\000r\000i\000p\000t\000i\000o\000n}{section.17.33}% 476
\BOOKMARK [1][-]{section.17.34}{\376\377\000m\000t\000k\000\137\000l\000a\000p\000a\000c\000k\000\137\000a\000d\000a\000p\000t\000e\000r\000.\000h}{chapter.17}% 477
\BOOKMARK [1][-]{section.17.35}{\376\377\000i\000n\000c\000l\000u\000d\000e\000/\000m\000t\000k\000\137\000m\000a\000t\000r\000i\000x\000.\000h\000\040\000F\000i\000l\000e\000\040\000R\000e\000f\000e\000r\000e\000n\000c\000e}{chapter.17}% 478
\BOOKMARK [2][-]{subsection.17.35.1}{\376\377\000D\000e\000t\000a\000i\000l\000e\000d\000\040\000D\000e\000s\000c\000r\000i\000p\000t\000i\000o\000n}{section.17.35}% 479
\BOOKMARK [1][-]{section.17.36}{\376\377\000m\000t\000k\000\137\000m\000a\000t\000r\000i\000x\000.\000h}{chapter.17}% 480
\BOOKMARK [1][-]{section.17.37}{\376\377\000i\000n\000c\000l\000u\000d\000e\000/\000m\000t\000k\000\137\000q\000u\000a\000d\000\137\0001\000d\000.\000h\000\040\000F\000i\000l\000e\000\040\000R\000e\000f\000e\000r\000e\000n\000c\000e}{chapter.17}% 481
\BOOKMARK [2][-]{subsection.17.37.1}{\376\377\000D\000e\000t\000a\000i\000l\000e\000d\000\040\000D\000e\000s\000c\000r\000i\000p\000t\000i\000o\000n}{section.17.37}% 482
\BOOKMARK [1][-]{section.17.38}{\376\377\000m\000t\000k\000\137\000q\000u\000a\000d\000\137\0001\000d\000.\000h}{chapter.17}% 483
\BOOKMARK [1][-]{section.17.39}{\376\377\000i\000n\000c\000l\000u\000d\000e\000/\000m\000t\000k\000\137\000r\000o\000o\000t\000s\000.\000h\000\040\000F\000i\000l\000e\000\040\000R\000e\000f\000e\000r\000e\000n\000c\000e}{chapter.17}% 484
\BOOKMARK [2][-]{subsection.17.39.1}{\376\377\000D\000e\000t\000a\000i\000l\000e\000d\000\040\000D\000e\000s\000c\000r\000i\000p\000t\000i\000o\000n}{section.17.39}% 485
\BOOKMARK [1][-]{section.17.40}{\376\377\000m\000t\000k\000\137\000r\000o\000o\000t\000s\000.\000h}{chapter.17}% 486
\BOOKMARK [1][-]{section.17.41}{\376\377\000i\000n\000c\000l\000u\000d\000e\000/\000m\000t\000k\000\137\000t\000o\000o\000l\000s\000.\000h\000\040\000F\000i\000l\000e\000\040\000R\000e\000f\000e\000r\000e\000n\000c\000e}{chapter.17}% 487
\BOOKMARK [2][-]{subsection.17.41.1}{\376\377\000D\000e\000t\000a\000i\000l\000e\000d\000\040\000D\000e\000s\000c\000r\000i\000p\000t\000i\000o\000n}{section.17.41}% 488
\BOOKMARK [1][-]{section.17.42}{\376\377\000m\000t\000k\000\137\000t\000o\000o\000l\000s\000.\000h}{chapter.17}% 489
\BOOKMARK [1][-]{section.17.43}{\376\377\000i\000n\000c\000l\000u\000d\000e\000/\000m\000t\000k\000\137\000u\000n\000i\000\137\000s\000t\000g\000\137\000g\000r\000i\000d\000\137\0001\000d\000.\000h\000\040\000F\000i\000l\000e\000\040\000R\000e\000f\000e\000r\000e\000n\000c\000e}{chapter.17}% 490
\BOOKMARK [2][-]{subsection.17.43.1}{\376\377\000D\000e\000t\000a\000i\000l\000e\000d\000\040\000D\000e\000s\000c\000r\000i\000p\000t\000i\000o\000n}{section.17.43}% 491
\BOOKMARK [1][-]{section.17.44}{\376\377\000m\000t\000k\000\137\000u\000n\000i\000\137\000s\000t\000g\000\137\000g\000r\000i\000d\000\137\0001\000d\000.\000h}{chapter.17}% 492
\BOOKMARK [1][-]{section.17.45}{\376\377\000i\000n\000c\000l\000u\000d\000e\000/\000m\000t\000k\000\137\000u\000n\000i\000\137\000s\000t\000g\000\137\000g\000r\000i\000d\000\137\0002\000d\000.\000h\000\040\000F\000i\000l\000e\000\040\000R\000e\000f\000e\000r\000e\000n\000c\000e}{chapter.17}% 493
\BOOKMARK [2][-]{subsection.17.45.1}{\376\377\000D\000e\000t\000a\000i\000l\000e\000d\000\040\000D\000e\000s\000c\000r\000i\000p\000t\000i\000o\000n}{section.17.45}% 494
\BOOKMARK [1][-]{section.17.46}{\376\377\000m\000t\000k\000\137\000u\000n\000i\000\137\000s\000t\000g\000\137\000g\000r\000i\000d\000\137\0002\000d\000.\000h}{chapter.17}% 495
\BOOKMARK [1][-]{section.17.47}{\376\377\000M\000a\000k\000e\000f\000i\000l\000e\000.\000i\000n\000c\000\040\000F\000i\000l\000e\000\040\000R\000e\000f\000e\000r\000e\000n\000c\000e}{chapter.17}% 496
\BOOKMARK [1][-]{section.17.48}{\376\377\000M\000a\000k\000e\000f\000i\000l\000e\000.\000i\000n\000c}{chapter.17}% 497
\BOOKMARK [1][-]{section.17.49}{\376\377\000R\000E\000A\000D\000M\000E\000.\000m\000d\000\040\000F\000i\000l\000e\000\040\000R\000e\000f\000e\000r\000e\000n\000c\000e}{chapter.17}% 498
\BOOKMARK [1][-]{section.17.50}{\376\377\000R\000E\000A\000D\000M\000E\000.\000m\000d}{chapter.17}% 499
\BOOKMARK [1][-]{section.17.51}{\376\377\000s\000r\000c\000/\000m\000t\000k\000\137\000b\000c\000\137\000d\000e\000s\000c\000\137\0001\000d\000.\000c\000c\000\040\000F\000i\000l\000e\000\040\000R\000e\000f\000e\000r\000e\000n\000c\000e}{chapter.17}% 500
\BOOKMARK [1][-]{section.17.52}{\376\377\000m\000t\000k\000\137\000b\000c\000\137\000d\000e\000s\000c\000\137\0001\000d\000.\000c\000c}{chapter.17}% 501
\BOOKMARK [1][-]{section.17.53}{\376\377\000s\000r\000c\000/\000m\000t\000k\000\137\000b\000l\000a\000s\000\137\000a\000d\000a\000p\000t\000e\000r\000.\000c\000c\000\040\000F\000i\000l\000e\000\040\000R\000e\000f\000e\000r\000e\000n\000c\000e}{chapter.17}% 502
\BOOKMARK [1][-]{section.17.54}{\376\377\000m\000t\000k\000\137\000b\000l\000a\000s\000\137\000a\000d\000a\000p\000t\000e\000r\000.\000c\000c}{chapter.17}% 503
\BOOKMARK [1][-]{section.17.55}{\376\377\000s\000r\000c\000/\000m\000t\000k\000\137\000d\000e\000n\000s\000e\000\137\000m\000a\000t\000r\000i\000x\000.\000c\000c\000\040\000F\000i\000l\000e\000\040\000R\000e\000f\000e\000r\000e\000n\000c\000e}{chapter.17}% 504
\BOOKMARK [2][-]{subsection.17.55.1}{\376\377\000D\000e\000t\000a\000i\000l\000e\000d\000\040\000D\000e\000s\000c\000r\000i\000p\000t\000i\000o\000n}{section.17.55}% 505
\BOOKMARK [1][-]{section.17.56}{\376\377\000m\000t\000k\000\137\000d\000e\000n\000s\000e\000\137\000m\000a\000t\000r\000i\000x\000.\000c\000c}{chapter.17}% 506
\BOOKMARK [1][-]{section.17.57}{\376\377\000s\000r\000c\000/\000m\000t\000k\000\137\000d\000i\000v\000\137\0001\000d\000.\000c\000c\000\040\000F\000i\000l\000e\000\040\000R\000e\000f\000e\000r\000e\000n\000c\000e}{chapter.17}% 507
\BOOKMARK [2][-]{subsection.17.57.1}{\376\377\000D\000e\000t\000a\000i\000l\000e\000d\000\040\000D\000e\000s\000c\000r\000i\000p\000t\000i\000o\000n}{section.17.57}% 508
\BOOKMARK [1][-]{section.17.58}{\376\377\000m\000t\000k\000\137\000d\000i\000v\000\137\0001\000d\000.\000c\000c}{chapter.17}% 509
\BOOKMARK [1][-]{section.17.59}{\376\377\000s\000r\000c\000/\000m\000t\000k\000\137\000d\000i\000v\000\137\0002\000d\000.\000c\000c\000\040\000F\000i\000l\000e\000\040\000R\000e\000f\000e\000r\000e\000n\000c\000e}{chapter.17}% 510
\BOOKMARK [2][-]{subsection.17.59.1}{\376\377\000D\000e\000t\000a\000i\000l\000e\000d\000\040\000D\000e\000s\000c\000r\000i\000p\000t\000i\000o\000n}{section.17.59}% 511
\BOOKMARK [1][-]{section.17.60}{\376\377\000m\000t\000k\000\137\000d\000i\000v\000\137\0002\000d\000.\000c\000c}{chapter.17}% 512
\BOOKMARK [1][-]{section.17.61}{\376\377\000s\000r\000c\000/\000m\000t\000k\000\137\000g\000l\000p\000k\000\137\000a\000d\000a\000p\000t\000e\000r\000.\000c\000c\000\040\000F\000i\000l\000e\000\040\000R\000e\000f\000e\000r\000e\000n\000c\000e}{chapter.17}% 513
\BOOKMARK [2][-]{subsection.17.61.1}{\376\377\000D\000e\000t\000a\000i\000l\000e\000d\000\040\000D\000e\000s\000c\000r\000i\000p\000t\000i\000o\000n}{section.17.61}% 514
\BOOKMARK [1][-]{section.17.62}{\376\377\000m\000t\000k\000\137\000g\000l\000p\000k\000\137\000a\000d\000a\000p\000t\000e\000r\000.\000c\000c}{chapter.17}% 515
\BOOKMARK [1][-]{section.17.63}{\376\377\000s\000r\000c\000/\000m\000t\000k\000\137\000g\000r\000a\000d\000\137\0001\000d\000.\000c\000c\000\040\000F\000i\000l\000e\000\040\000R\000e\000f\000e\000r\000e\000n\000c\000e}{chapter.17}% 516
\BOOKMARK [2][-]{subsection.17.63.1}{\376\377\000D\000e\000t\000a\000i\000l\000e\000d\000\040\000D\000e\000s\000c\000r\000i\000p\000t\000i\000o\000n}{section.17.63}% 517
\BOOKMARK [1][-]{section.17.64}{\376\377\000m\000t\000k\000\137\000g\000r\000a\000d\000\137\0001\000d\000.\000c\000c}{chapter.17}% 518
\BOOKMARK [1][-]{section.17.65}{\376\377\000s\000r\000c\000/\000m\000t\000k\000\137\000g\000r\000a\000d\000\137\0002\000d\000.\000c\000c\000\040\000F\000i\000l\000e\000\040\000R\000e\000f\000e\000r\000e\000n\000c\000e}{chapter.17}% 519
\BOOKMARK [2][-]{subsection.17.65.1}{\376\377\000D\000e\000t\000a\000i\000l\000e\000d\000\040\000D\000e\000s\000c\000r\000i\000p\000t\000i\000o\000n}{section.17.65}% 520
\BOOKMARK [1][-]{section.17.66}{\376\377\000m\000t\000k\000\137\000g\000r\000a\000d\000\137\0002\000d\000.\000c\000c}{chapter.17}% 521
\BOOKMARK [1][-]{section.17.67}{\376\377\000s\000r\000c\000/\000m\000t\000k\000\137\000i\000n\000t\000e\000r\000p\000\137\0001\000d\000.\000c\000c\000\040\000F\000i\000l\000e\000\040\000R\000e\000f\000e\000r\000e\000n\000c\000e}{chapter.17}% 522
\BOOKMARK [2][-]{subsection.17.67.1}{\376\377\000D\000e\000t\000a\000i\000l\000e\000d\000\040\000D\000e\000s\000c\000r\000i\000p\000t\000i\000o\000n}{section.17.67}% 523
\BOOKMARK [1][-]{section.17.68}{\376\377\000m\000t\000k\000\137\000i\000n\000t\000e\000r\000p\000\137\0001\000d\000.\000c\000c}{chapter.17}% 524
\BOOKMARK [1][-]{section.17.69}{\376\377\000s\000r\000c\000/\000m\000t\000k\000\137\000l\000a\000p\000\137\0001\000d\000.\000c\000c\000\040\000F\000i\000l\000e\000\040\000R\000e\000f\000e\000r\000e\000n\000c\000e}{chapter.17}% 525
\BOOKMARK [2][-]{subsection.17.69.1}{\376\377\000D\000e\000t\000a\000i\000l\000e\000d\000\040\000D\000e\000s\000c\000r\000i\000p\000t\000i\000o\000n}{section.17.69}% 526
\BOOKMARK [1][-]{section.17.70}{\376\377\000m\000t\000k\000\137\000l\000a\000p\000\137\0001\000d\000.\000c\000c}{chapter.17}% 527
\BOOKMARK [1][-]{section.17.71}{\376\377\000s\000r\000c\000/\000m\000t\000k\000\137\000l\000a\000p\000\137\0002\000d\000.\000c\000c\000\040\000F\000i\000l\000e\000\040\000R\000e\000f\000e\000r\000e\000n\000c\000e}{chapter.17}% 528
\BOOKMARK [1][-]{section.17.72}{\376\377\000m\000t\000k\000\137\000l\000a\000p\000\137\0002\000d\000.\000c\000c}{chapter.17}% 529
\BOOKMARK [1][-]{section.17.73}{\376\377\000s\000r\000c\000/\000m\000t\000k\000\137\000l\000a\000p\000a\000c\000k\000\137\000a\000d\000a\000p\000t\000e\000r\000.\000c\000c\000\040\000F\000i\000l\000e\000\040\000R\000e\000f\000e\000r\000e\000n\000c\000e}{chapter.17}% 530
\BOOKMARK [2][-]{subsection.17.73.1}{\376\377\000D\000e\000t\000a\000i\000l\000e\000d\000\040\000D\000e\000s\000c\000r\000i\000p\000t\000i\000o\000n}{section.17.73}% 531
\BOOKMARK [1][-]{section.17.74}{\376\377\000m\000t\000k\000\137\000l\000a\000p\000a\000c\000k\000\137\000a\000d\000a\000p\000t\000e\000r\000.\000c\000c}{chapter.17}% 532
\BOOKMARK [1][-]{section.17.75}{\376\377\000s\000r\000c\000/\000m\000t\000k\000\137\000m\000a\000t\000r\000i\000x\000.\000c\000c\000\040\000F\000i\000l\000e\000\040\000R\000e\000f\000e\000r\000e\000n\000c\000e}{chapter.17}% 533
\BOOKMARK [2][-]{subsection.17.75.1}{\376\377\000D\000e\000t\000a\000i\000l\000e\000d\000\040\000D\000e\000s\000c\000r\000i\000p\000t\000i\000o\000n}{section.17.75}% 534
\BOOKMARK [1][-]{section.17.76}{\376\377\000m\000t\000k\000\137\000m\000a\000t\000r\000i\000x\000.\000c\000c}{chapter.17}% 535
\BOOKMARK [1][-]{section.17.77}{\376\377\000s\000r\000c\000/\000m\000t\000k\000\137\000t\000o\000o\000l\000s\000.\000c\000c\000\040\000F\000i\000l\000e\000\040\000R\000e\000f\000e\000r\000e\000n\000c\000e}{chapter.17}% 536
\BOOKMARK [2][-]{subsection.17.77.1}{\376\377\000D\000e\000t\000a\000i\000l\000e\000d\000\040\000D\000e\000s\000c\000r\000i\000p\000t\000i\000o\000n}{section.17.77}% 537
\BOOKMARK [1][-]{section.17.78}{\376\377\000m\000t\000k\000\137\000t\000o\000o\000l\000s\000.\000c\000c}{chapter.17}% 538
\BOOKMARK [1][-]{section.17.79}{\376\377\000s\000r\000c\000/\000m\000t\000k\000\137\000u\000n\000i\000\137\000s\000t\000g\000\137\000g\000r\000i\000d\000\137\0001\000d\000.\000c\000c\000\040\000F\000i\000l\000e\000\040\000R\000e\000f\000e\000r\000e\000n\000c\000e}{chapter.17}% 539
\BOOKMARK [2][-]{subsection.17.79.1}{\376\377\000D\000e\000t\000a\000i\000l\000e\000d\000\040\000D\000e\000s\000c\000r\000i\000p\000t\000i\000o\000n}{section.17.79}% 540
\BOOKMARK [1][-]{section.17.80}{\376\377\000m\000t\000k\000\137\000u\000n\000i\000\137\000s\000t\000g\000\137\000g\000r\000i\000d\000\137\0001\000d\000.\000c\000c}{chapter.17}% 541
\BOOKMARK [1][-]{section.17.81}{\376\377\000s\000r\000c\000/\000m\000t\000k\000\137\000u\000n\000i\000\137\000s\000t\000g\000\137\000g\000r\000i\000d\000\137\0002\000d\000.\000c\000c\000\040\000F\000i\000l\000e\000\040\000R\000e\000f\000e\000r\000e\000n\000c\000e}{chapter.17}% 542
\BOOKMARK [2][-]{subsection.17.81.1}{\376\377\000D\000e\000t\000a\000i\000l\000e\000d\000\040\000D\000e\000s\000c\000r\000i\000p\000t\000i\000o\000n}{section.17.81}% 543
\BOOKMARK [1][-]{section.17.82}{\376\377\000m\000t\000k\000\137\000u\000n\000i\000\137\000s\000t\000g\000\137\000g\000r\000i\000d\000\137\0002\000d\000.\000c\000c}{chapter.17}% 544
\BOOKMARK [1][-]{section.17.83}{\376\377\000t\000e\000s\000t\000s\000/\000m\000t\000k\000\137\000b\000l\000a\000s\000\137\000a\000d\000a\000p\000t\000e\000r\000\137\000t\000e\000s\000t\000.\000c\000c\000\040\000F\000i\000l\000e\000\040\000R\000e\000f\000e\000r\000e\000n\000c\000e}{chapter.17}% 545
\BOOKMARK [2][-]{subsection.17.83.1}{\376\377\000D\000e\000t\000a\000i\000l\000e\000d\000\040\000D\000e\000s\000c\000r\000i\000p\000t\000i\000o\000n}{section.17.83}% 546
\BOOKMARK [2][-]{subsection.17.83.2}{\376\377\000F\000u\000n\000c\000t\000i\000o\000n\000\040\000D\000o\000c\000u\000m\000e\000n\000t\000a\000t\000i\000o\000n}{section.17.83}% 547
\BOOKMARK [3][-]{subsubsection.17.83.2.1}{\376\377\000m\000a\000i\000n}{subsection.17.83.2}% 548
\BOOKMARK [1][-]{section.17.84}{\376\377\000m\000t\000k\000\137\000b\000l\000a\000s\000\137\000a\000d\000a\000p\000t\000e\000r\000\137\000t\000e\000s\000t\000.\000c\000c}{chapter.17}% 549
\BOOKMARK [1][-]{section.17.85}{\376\377\000t\000e\000s\000t\000s\000/\000m\000t\000k\000\137\000d\000e\000n\000s\000e\000\137\000m\000a\000t\000r\000i\000x\000\137\000t\000e\000s\000t\000.\000c\000c\000\040\000F\000i\000l\000e\000\040\000R\000e\000f\000e\000r\000e\000n\000c\000e}{chapter.17}% 550
\BOOKMARK [2][-]{subsection.17.85.1}{\376\377\000D\000e\000t\000a\000i\000l\000e\000d\000\040\000D\000e\000s\000c\000r\000i\000p\000t\000i\000o\000n}{section.17.85}% 551
\BOOKMARK [2][-]{subsection.17.85.2}{\376\377\000F\000u\000n\000c\000t\000i\000o\000n\000\040\000D\000o\000c\000u\000m\000e\000n\000t\000a\000t\000i\000o\000n}{section.17.85}% 552
\BOOKMARK [3][-]{subsubsection.17.85.2.1}{\376\377\000m\000a\000i\000n}{subsection.17.85.2}% 553
\BOOKMARK [1][-]{section.17.86}{\376\377\000m\000t\000k\000\137\000d\000e\000n\000s\000e\000\137\000m\000a\000t\000r\000i\000x\000\137\000t\000e\000s\000t\000.\000c\000c}{chapter.17}% 554
\BOOKMARK [1][-]{section.17.87}{\376\377\000t\000e\000s\000t\000s\000/\000m\000t\000k\000\137\000d\000i\000v\000\137\0001\000d\000\137\000t\000e\000s\000t\000.\000c\000c\000\040\000F\000i\000l\000e\000\040\000R\000e\000f\000e\000r\000e\000n\000c\000e}{chapter.17}% 555
\BOOKMARK [2][-]{subsection.17.87.1}{\376\377\000D\000e\000t\000a\000i\000l\000e\000d\000\040\000D\000e\000s\000c\000r\000i\000p\000t\000i\000o\000n}{section.17.87}% 556
\BOOKMARK [2][-]{subsection.17.87.2}{\376\377\000F\000u\000n\000c\000t\000i\000o\000n\000\040\000D\000o\000c\000u\000m\000e\000n\000t\000a\000t\000i\000o\000n}{section.17.87}% 557
\BOOKMARK [3][-]{subsubsection.17.87.2.1}{\376\377\000m\000a\000i\000n}{subsection.17.87.2}% 558
\BOOKMARK [1][-]{section.17.88}{\376\377\000m\000t\000k\000\137\000d\000i\000v\000\137\0001\000d\000\137\000t\000e\000s\000t\000.\000c\000c}{chapter.17}% 559
\BOOKMARK [1][-]{section.17.89}{\376\377\000t\000e\000s\000t\000s\000/\000m\000t\000k\000\137\000g\000l\000p\000k\000\137\000a\000d\000a\000p\000t\000e\000r\000\137\000t\000e\000s\000t\000.\000c\000c\000\040\000F\000i\000l\000e\000\040\000R\000e\000f\000e\000r\000e\000n\000c\000e}{chapter.17}% 560
\BOOKMARK [2][-]{subsection.17.89.1}{\376\377\000D\000e\000t\000a\000i\000l\000e\000d\000\040\000D\000e\000s\000c\000r\000i\000p\000t\000i\000o\000n}{section.17.89}% 561
\BOOKMARK [2][-]{subsection.17.89.2}{\376\377\000F\000u\000n\000c\000t\000i\000o\000n\000\040\000D\000o\000c\000u\000m\000e\000n\000t\000a\000t\000i\000o\000n}{section.17.89}% 562
\BOOKMARK [3][-]{subsubsection.17.89.2.1}{\376\377\000m\000a\000i\000n}{subsection.17.89.2}% 563
\BOOKMARK [1][-]{section.17.90}{\376\377\000m\000t\000k\000\137\000g\000l\000p\000k\000\137\000a\000d\000a\000p\000t\000e\000r\000\137\000t\000e\000s\000t\000.\000c\000c}{chapter.17}% 564
\BOOKMARK [1][-]{section.17.91}{\376\377\000t\000e\000s\000t\000s\000/\000m\000t\000k\000\137\000g\000r\000a\000d\000\137\0001\000d\000\137\000t\000e\000s\000t\000.\000c\000c\000\040\000F\000i\000l\000e\000\040\000R\000e\000f\000e\000r\000e\000n\000c\000e}{chapter.17}% 565
\BOOKMARK [2][-]{subsection.17.91.1}{\376\377\000D\000e\000t\000a\000i\000l\000e\000d\000\040\000D\000e\000s\000c\000r\000i\000p\000t\000i\000o\000n}{section.17.91}% 566
\BOOKMARK [2][-]{subsection.17.91.2}{\376\377\000F\000u\000n\000c\000t\000i\000o\000n\000\040\000D\000o\000c\000u\000m\000e\000n\000t\000a\000t\000i\000o\000n}{section.17.91}% 567
\BOOKMARK [3][-]{subsubsection.17.91.2.1}{\376\377\000m\000a\000i\000n}{subsection.17.91.2}% 568
\BOOKMARK [1][-]{section.17.92}{\376\377\000m\000t\000k\000\137\000g\000r\000a\000d\000\137\0001\000d\000\137\000t\000e\000s\000t\000.\000c\000c}{chapter.17}% 569
\BOOKMARK [1][-]{section.17.93}{\376\377\000t\000e\000s\000t\000s\000/\000m\000t\000k\000\137\000i\000n\000t\000e\000r\000p\000\137\0001\000d\000\137\000t\000e\000s\000t\000.\000c\000c\000\040\000F\000i\000l\000e\000\040\000R\000e\000f\000e\000r\000e\000n\000c\000e}{chapter.17}% 570
\BOOKMARK [2][-]{subsection.17.93.1}{\376\377\000D\000e\000t\000a\000i\000l\000e\000d\000\040\000D\000e\000s\000c\000r\000i\000p\000t\000i\000o\000n}{section.17.93}% 571
\BOOKMARK [2][-]{subsection.17.93.2}{\376\377\000F\000u\000n\000c\000t\000i\000o\000n\000\040\000D\000o\000c\000u\000m\000e\000n\000t\000a\000t\000i\000o\000n}{section.17.93}% 572
\BOOKMARK [3][-]{subsubsection.17.93.2.1}{\376\377\000m\000a\000i\000n}{subsection.17.93.2}% 573
\BOOKMARK [1][-]{section.17.94}{\376\377\000m\000t\000k\000\137\000i\000n\000t\000e\000r\000p\000\137\0001\000d\000\137\000t\000e\000s\000t\000.\000c\000c}{chapter.17}% 574
\BOOKMARK [1][-]{section.17.95}{\376\377\000t\000e\000s\000t\000s\000/\000m\000t\000k\000\137\000l\000a\000p\000\137\0001\000d\000\137\000t\000e\000s\000t\000.\000c\000c\000\040\000F\000i\000l\000e\000\040\000R\000e\000f\000e\000r\000e\000n\000c\000e}{chapter.17}% 575
\BOOKMARK [2][-]{subsection.17.95.1}{\376\377\000F\000u\000n\000c\000t\000i\000o\000n\000\040\000D\000o\000c\000u\000m\000e\000n\000t\000a\000t\000i\000o\000n}{section.17.95}% 576
\BOOKMARK [3][-]{subsubsection.17.95.1.1}{\376\377\000m\000a\000i\000n}{subsection.17.95.1}% 577
\BOOKMARK [1][-]{section.17.96}{\376\377\000m\000t\000k\000\137\000l\000a\000p\000\137\0001\000d\000\137\000t\000e\000s\000t\000.\000c\000c}{chapter.17}% 578
\BOOKMARK [1][-]{section.17.97}{\376\377\000t\000e\000s\000t\000s\000/\000m\000t\000k\000\137\000l\000a\000p\000a\000c\000k\000\137\000a\000d\000a\000p\000t\000e\000r\000\137\000t\000e\000s\000t\000.\000c\000c\000\040\000F\000i\000l\000e\000\040\000R\000e\000f\000e\000r\000e\000n\000c\000e}{chapter.17}% 579
\BOOKMARK [2][-]{subsection.17.97.1}{\376\377\000D\000e\000t\000a\000i\000l\000e\000d\000\040\000D\000e\000s\000c\000r\000i\000p\000t\000i\000o\000n}{section.17.97}% 580
\BOOKMARK [2][-]{subsection.17.97.2}{\376\377\000F\000u\000n\000c\000t\000i\000o\000n\000\040\000D\000o\000c\000u\000m\000e\000n\000t\000a\000t\000i\000o\000n}{section.17.97}% 581
\BOOKMARK [3][-]{subsubsection.17.97.2.1}{\376\377\000m\000a\000i\000n}{subsection.17.97.2}% 582
\BOOKMARK [1][-]{section.17.98}{\376\377\000m\000t\000k\000\137\000l\000a\000p\000a\000c\000k\000\137\000a\000d\000a\000p\000t\000e\000r\000\137\000t\000e\000s\000t\000.\000c\000c}{chapter.17}% 583
\BOOKMARK [1][-]{section.17.99}{\376\377\000t\000e\000s\000t\000s\000/\000m\000t\000k\000\137\000u\000n\000i\000\137\000s\000t\000g\000\137\000g\000r\000i\000d\000\137\0001\000d\000\137\000t\000e\000s\000t\000.\000c\000c\000\040\000F\000i\000l\000e\000\040\000R\000e\000f\000e\000r\000e\000n\000c\000e}{chapter.17}% 584
\BOOKMARK [2][-]{subsection.17.99.1}{\376\377\000D\000e\000t\000a\000i\000l\000e\000d\000\040\000D\000e\000s\000c\000r\000i\000p\000t\000i\000o\000n}{section.17.99}% 585
\BOOKMARK [2][-]{subsection.17.99.2}{\376\377\000F\000u\000n\000c\000t\000i\000o\000n\000\040\000D\000o\000c\000u\000m\000e\000n\000t\000a\000t\000i\000o\000n}{section.17.99}% 586
\BOOKMARK [3][-]{subsubsection.17.99.2.1}{\376\377\000m\000a\000i\000n}{subsection.17.99.2}% 587
\BOOKMARK [1][-]{section.17.100}{\376\377\000m\000t\000k\000\137\000u\000n\000i\000\137\000s\000t\000g\000\137\000g\000r\000i\000d\000\137\0001\000d\000\137\000t\000e\000s\000t\000.\000c\000c}{chapter.17}% 588
\BOOKMARK [1][-]{section.17.101}{\376\377\000t\000e\000s\000t\000s\000/\000m\000t\000k\000\137\000u\000n\000i\000\137\000s\000t\000g\000\137\000g\000r\000i\000d\000\137\0002\000d\000\137\000t\000e\000s\000t\000.\000c\000c\000\040\000F\000i\000l\000e\000\040\000R\000e\000f\000e\000r\000e\000n\000c\000e}{chapter.17}% 589
\BOOKMARK [2][-]{subsection.17.101.1}{\376\377\000D\000e\000t\000a\000i\000l\000e\000d\000\040\000D\000e\000s\000c\000r\000i\000p\000t\000i\000o\000n}{section.17.101}% 590
\BOOKMARK [2][-]{subsection.17.101.2}{\376\377\000F\000u\000n\000c\000t\000i\000o\000n\000\040\000D\000o\000c\000u\000m\000e\000n\000t\000a\000t\000i\000o\000n}{section.17.101}% 591
\BOOKMARK [3][-]{subsubsection.17.101.2.1}{\376\377\000m\000a\000i\000n}{subsection.17.101.2}% 592
\BOOKMARK [1][-]{section.17.102}{\376\377\000m\000t\000k\000\137\000u\000n\000i\000\137\000s\000t\000g\000\137\000g\000r\000i\000d\000\137\0002\000d\000\137\000t\000e\000s\000t\000.\000c\000c}{chapter.17}% 593
\BOOKMARK [0][-]{section*.139}{\376\377\000I\000n\000d\000e\000x}{}% 594
